<?xml version="1.0" encoding="UTF-8"?>
<testsuites>
	<testsuite tests="9" errors="0" failures="9" time="0.008" timestamp="2017-05-16T15:13:28">
		<testcase classname="#integration tests of persistence" name="if i click the getAllGames button it should send a get request to /games" time="0.001">
			<failure type="" message="ReferenceError: Strict mode forbids implicit creation of global property &amp;apos;currentGame&amp;apos; in file:///Users/Alex/Desktop/CODE/js-tictactoe-rails-api-v-000/spec/tictactoe.spec.js (line 237)">
file:///Users/Alex/Desktop/CODE/js-tictactoe-rails-api-v-000/spec/tictactoe.spec.js:237:18
attemptSync@file:///Users/Alex/Desktop/CODE/js-tictactoe-rails-api-v-000/tmpTestSupport/jasmine.js:1510:16
run@file:///Users/Alex/Desktop/CODE/js-tictactoe-rails-api-v-000/tmpTestSupport/jasmine.js:1498:20
execute@file:///Users/Alex/Desktop/CODE/js-tictactoe-rails-api-v-000/tmpTestSupport/jasmine.js:1485:13
queueRunnerFactory@file:///Users/Alex/Desktop/CODE/js-tictactoe-rails-api-v-000/tmpTestSupport/jasmine.js:518:42
execute@file:///Users/Alex/Desktop/CODE/js-tictactoe-rails-api-v-000/tmpTestSupport/jasmine.js:306:28
file:///Users/Alex/Desktop/CODE/js-tictactoe-rails-api-v-000/tmpTestSupport/jasmine.js:1708:44
attemptAsync@file:///Users/Alex/Desktop/CODE/js-tictactoe-rails-api-v-000/tmpTestSupport/jasmine.js:1520:16
run@file:///Users/Alex/Desktop/CODE/js-tictactoe-rails-api-v-000/tmpTestSupport/jasmine.js:1496:28
execute@file:///Users/Alex/Desktop/CODE/js-tictactoe-rails-api-v-000/tmpTestSupport/jasmine.js:1485:13
queueRunnerFactory@file:///Users/Alex/Desktop/CODE/js-tictactoe-rails-api-v-000/tmpTestSupport/jasmine.js:518:42
execute@file:///Users/Alex/Desktop/CODE/js-tictactoe-rails-api-v-000/tmpTestSupport/jasmine.js:1694:21
file:///Users/Alex/Desktop/CODE/js-tictactoe-rails-api-v-000/tmpTestSupport/jasmine.js:1708:44
attemptAsync@file:///Users/Alex/Desktop/CODE/js-tictactoe-rails-api-v-000/tmpTestSupport/jasmine.js:1520:16
run@file:///Users/Alex/Desktop/CODE/js-tictactoe-rails-api-v-000/tmpTestSupport/jasmine.js:1496:28
next@file:///Users/Alex/Desktop/CODE/js-tictactoe-rails-api-v-000/tmpTestSupport/jasmine.js:1517:40
complete@file:///Users/Alex/Desktop/CODE/js-tictactoe-rails-api-v-000/tmpTestSupport/jasmine.js:1703:19
clearStack@file:///Users/Alex/Desktop/CODE/js-tictactoe-rails-api-v-000/tmpTestSupport/jasmine.js:506:11
run@file:///Users/Alex/Desktop/CODE/js-tictactoe-rails-api-v-000/tmpTestSupport/jasmine.js:1505:22
next@file:///Users/Alex/Desktop/CODE/js-tictactoe-rails-api-v-000/tmpTestSupport/jasmine.js:1517:40
complete@file:///Users/Alex/Desktop/CODE/js-tictactoe-rails-api-v-000/tmpTestSupport/jasmine.js:1703:19
clearStack@file:///Users/Alex/Desktop/CODE/js-tictactoe-rails-api-v-000/tmpTestSupport/jasmine.js:506:11
run@file:///Users/Alex/Desktop/CODE/js-tictactoe-rails-api-v-000/tmpTestSupport/jasmine.js:1505:22
next@file:///Users/Alex/Desktop/CODE/js-tictactoe-rails-api-v-000/tmpTestSupport/jasmine.js:1517:40
complete@file:///Users/Alex/Desktop/CODE/js-tictactoe-rails-api-v-000/tmpTestSupport/jasmine.js:333:19
clearStack@file:///Users/Alex/Desktop/CODE/js-tictactoe-rails-api-v-000/tmpTestSupport/jasmine.js:506:11
run@file:///Users/Alex/Desktop/CODE/js-tictactoe-rails-api-v-000/tmpTestSupport/jasmine.js:1505:22
execute@file:///Users/Alex/Desktop/CODE/js-tictactoe-rails-api-v-000/tmpTestSupport/jasmine.js:1485:13
queueRunnerFactory@file:///Users/Alex/Desktop/CODE/js-tictactoe-rails-api-v-000/tmpTestSupport/jasmine.js:518:42
execute@file:///Users/Alex/Desktop/CODE/js-tictactoe-rails-api-v-000/tmpTestSupport/jasmine.js:306:28
file:///Users/Alex/Desktop/CODE/js-tictactoe-rails-api-v-000/tmpTestSupport/jasmine.js:1708:44
attemptAsync@file:///Users/Alex/Desktop/CODE/js-tictactoe-rails-api-v-000/tmpTestSupport/jasmine.js:1520:16
run@file:///Users/Alex/Desktop/CODE/js-tictactoe-rails-api-v-000/tmpTestSupport/jasmine.js:1496:28
next@file:///Users/Alex/Desktop/CODE/js-tictactoe-rails-api-v-000/tmpTestSupport/jasmine.js:1517:40
complete@file:///Users/Alex/Desktop/CODE/js-tictactoe-rails-api-v-000/tmpTestSupport/jasmine.js:333:19			</failure>
			<failure type="" message="ReferenceError: Can&amp;apos;t find variable: attachListeners in file:///Users/Alex/Desktop/CODE/js-tictactoe-rails-api-v-000/spec/tictactoe.spec.js (line 241)">
file:///Users/Alex/Desktop/CODE/js-tictactoe-rails-api-v-000/spec/tictactoe.spec.js:241:20
attemptSync@file:///Users/Alex/Desktop/CODE/js-tictactoe-rails-api-v-000/tmpTestSupport/jasmine.js:1510:16
run@file:///Users/Alex/Desktop/CODE/js-tictactoe-rails-api-v-000/tmpTestSupport/jasmine.js:1498:20
execute@file:///Users/Alex/Desktop/CODE/js-tictactoe-rails-api-v-000/tmpTestSupport/jasmine.js:1485:13
queueRunnerFactory@file:///Users/Alex/Desktop/CODE/js-tictactoe-rails-api-v-000/tmpTestSupport/jasmine.js:518:42
execute@file:///Users/Alex/Desktop/CODE/js-tictactoe-rails-api-v-000/tmpTestSupport/jasmine.js:306:28
file:///Users/Alex/Desktop/CODE/js-tictactoe-rails-api-v-000/tmpTestSupport/jasmine.js:1708:44
attemptAsync@file:///Users/Alex/Desktop/CODE/js-tictactoe-rails-api-v-000/tmpTestSupport/jasmine.js:1520:16
run@file:///Users/Alex/Desktop/CODE/js-tictactoe-rails-api-v-000/tmpTestSupport/jasmine.js:1496:28
execute@file:///Users/Alex/Desktop/CODE/js-tictactoe-rails-api-v-000/tmpTestSupport/jasmine.js:1485:13
queueRunnerFactory@file:///Users/Alex/Desktop/CODE/js-tictactoe-rails-api-v-000/tmpTestSupport/jasmine.js:518:42
execute@file:///Users/Alex/Desktop/CODE/js-tictactoe-rails-api-v-000/tmpTestSupport/jasmine.js:1694:21
file:///Users/Alex/Desktop/CODE/js-tictactoe-rails-api-v-000/tmpTestSupport/jasmine.js:1708:44
attemptAsync@file:///Users/Alex/Desktop/CODE/js-tictactoe-rails-api-v-000/tmpTestSupport/jasmine.js:1520:16
run@file:///Users/Alex/Desktop/CODE/js-tictactoe-rails-api-v-000/tmpTestSupport/jasmine.js:1496:28
next@file:///Users/Alex/Desktop/CODE/js-tictactoe-rails-api-v-000/tmpTestSupport/jasmine.js:1517:40
complete@file:///Users/Alex/Desktop/CODE/js-tictactoe-rails-api-v-000/tmpTestSupport/jasmine.js:1703:19
clearStack@file:///Users/Alex/Desktop/CODE/js-tictactoe-rails-api-v-000/tmpTestSupport/jasmine.js:506:11
run@file:///Users/Alex/Desktop/CODE/js-tictactoe-rails-api-v-000/tmpTestSupport/jasmine.js:1505:22
next@file:///Users/Alex/Desktop/CODE/js-tictactoe-rails-api-v-000/tmpTestSupport/jasmine.js:1517:40
complete@file:///Users/Alex/Desktop/CODE/js-tictactoe-rails-api-v-000/tmpTestSupport/jasmine.js:1703:19
clearStack@file:///Users/Alex/Desktop/CODE/js-tictactoe-rails-api-v-000/tmpTestSupport/jasmine.js:506:11
run@file:///Users/Alex/Desktop/CODE/js-tictactoe-rails-api-v-000/tmpTestSupport/jasmine.js:1505:22
next@file:///Users/Alex/Desktop/CODE/js-tictactoe-rails-api-v-000/tmpTestSupport/jasmine.js:1517:40
complete@file:///Users/Alex/Desktop/CODE/js-tictactoe-rails-api-v-000/tmpTestSupport/jasmine.js:333:19
clearStack@file:///Users/Alex/Desktop/CODE/js-tictactoe-rails-api-v-000/tmpTestSupport/jasmine.js:506:11
run@file:///Users/Alex/Desktop/CODE/js-tictactoe-rails-api-v-000/tmpTestSupport/jasmine.js:1505:22
execute@file:///Users/Alex/Desktop/CODE/js-tictactoe-rails-api-v-000/tmpTestSupport/jasmine.js:1485:13
queueRunnerFactory@file:///Users/Alex/Desktop/CODE/js-tictactoe-rails-api-v-000/tmpTestSupport/jasmine.js:518:42
execute@file:///Users/Alex/Desktop/CODE/js-tictactoe-rails-api-v-000/tmpTestSupport/jasmine.js:306:28
file:///Users/Alex/Desktop/CODE/js-tictactoe-rails-api-v-000/tmpTestSupport/jasmine.js:1708:44
attemptAsync@file:///Users/Alex/Desktop/CODE/js-tictactoe-rails-api-v-000/tmpTestSupport/jasmine.js:1520:16
run@file:///Users/Alex/Desktop/CODE/js-tictactoe-rails-api-v-000/tmpTestSupport/jasmine.js:1496:28
next@file:///Users/Alex/Desktop/CODE/js-tictactoe-rails-api-v-000/tmpTestSupport/jasmine.js:1517:40
complete@file:///Users/Alex/Desktop/CODE/js-tictactoe-rails-api-v-000/tmpTestSupport/jasmine.js:333:19			</failure>
		</testcase>
		<testcase classname="#integration tests of persistence" name="if i click the save game button it should post to /games" time="0.001">
			<failure type="" message="ReferenceError: Can&amp;apos;t find variable: attachListeners in file:///Users/Alex/Desktop/CODE/js-tictactoe-rails-api-v-000/spec/tictactoe.spec.js (line 252)">
file:///Users/Alex/Desktop/CODE/js-tictactoe-rails-api-v-000/spec/tictactoe.spec.js:252:20
attemptSync@file:///Users/Alex/Desktop/CODE/js-tictactoe-rails-api-v-000/tmpTestSupport/jasmine.js:1510:16
run@file:///Users/Alex/Desktop/CODE/js-tictactoe-rails-api-v-000/tmpTestSupport/jasmine.js:1498:20
execute@file:///Users/Alex/Desktop/CODE/js-tictactoe-rails-api-v-000/tmpTestSupport/jasmine.js:1485:13
queueRunnerFactory@file:///Users/Alex/Desktop/CODE/js-tictactoe-rails-api-v-000/tmpTestSupport/jasmine.js:518:42
execute@file:///Users/Alex/Desktop/CODE/js-tictactoe-rails-api-v-000/tmpTestSupport/jasmine.js:306:28
file:///Users/Alex/Desktop/CODE/js-tictactoe-rails-api-v-000/tmpTestSupport/jasmine.js:1708:44
attemptAsync@file:///Users/Alex/Desktop/CODE/js-tictactoe-rails-api-v-000/tmpTestSupport/jasmine.js:1520:16
run@file:///Users/Alex/Desktop/CODE/js-tictactoe-rails-api-v-000/tmpTestSupport/jasmine.js:1496:28
next@file:///Users/Alex/Desktop/CODE/js-tictactoe-rails-api-v-000/tmpTestSupport/jasmine.js:1517:40
complete@file:///Users/Alex/Desktop/CODE/js-tictactoe-rails-api-v-000/tmpTestSupport/jasmine.js:333:19
clearStack@file:///Users/Alex/Desktop/CODE/js-tictactoe-rails-api-v-000/tmpTestSupport/jasmine.js:506:11
run@file:///Users/Alex/Desktop/CODE/js-tictactoe-rails-api-v-000/tmpTestSupport/jasmine.js:1505:22
execute@file:///Users/Alex/Desktop/CODE/js-tictactoe-rails-api-v-000/tmpTestSupport/jasmine.js:1485:13
queueRunnerFactory@file:///Users/Alex/Desktop/CODE/js-tictactoe-rails-api-v-000/tmpTestSupport/jasmine.js:518:42
execute@file:///Users/Alex/Desktop/CODE/js-tictactoe-rails-api-v-000/tmpTestSupport/jasmine.js:306:28
file:///Users/Alex/Desktop/CODE/js-tictactoe-rails-api-v-000/tmpTestSupport/jasmine.js:1708:44
attemptAsync@file:///Users/Alex/Desktop/CODE/js-tictactoe-rails-api-v-000/tmpTestSupport/jasmine.js:1520:16
run@file:///Users/Alex/Desktop/CODE/js-tictactoe-rails-api-v-000/tmpTestSupport/jasmine.js:1496:28
execute@file:///Users/Alex/Desktop/CODE/js-tictactoe-rails-api-v-000/tmpTestSupport/jasmine.js:1485:13
queueRunnerFactory@file:///Users/Alex/Desktop/CODE/js-tictactoe-rails-api-v-000/tmpTestSupport/jasmine.js:518:42
execute@file:///Users/Alex/Desktop/CODE/js-tictactoe-rails-api-v-000/tmpTestSupport/jasmine.js:1694:21
file:///Users/Alex/Desktop/CODE/js-tictactoe-rails-api-v-000/tmpTestSupport/jasmine.js:1708:44
attemptAsync@file:///Users/Alex/Desktop/CODE/js-tictactoe-rails-api-v-000/tmpTestSupport/jasmine.js:1520:16
run@file:///Users/Alex/Desktop/CODE/js-tictactoe-rails-api-v-000/tmpTestSupport/jasmine.js:1496:28
next@file:///Users/Alex/Desktop/CODE/js-tictactoe-rails-api-v-000/tmpTestSupport/jasmine.js:1517:40
complete@file:///Users/Alex/Desktop/CODE/js-tictactoe-rails-api-v-000/tmpTestSupport/jasmine.js:1703:19
clearStack@file:///Users/Alex/Desktop/CODE/js-tictactoe-rails-api-v-000/tmpTestSupport/jasmine.js:506:11
run@file:///Users/Alex/Desktop/CODE/js-tictactoe-rails-api-v-000/tmpTestSupport/jasmine.js:1505:22
next@file:///Users/Alex/Desktop/CODE/js-tictactoe-rails-api-v-000/tmpTestSupport/jasmine.js:1517:40
complete@file:///Users/Alex/Desktop/CODE/js-tictactoe-rails-api-v-000/tmpTestSupport/jasmine.js:1703:19
clearStack@file:///Users/Alex/Desktop/CODE/js-tictactoe-rails-api-v-000/tmpTestSupport/jasmine.js:506:11
run@file:///Users/Alex/Desktop/CODE/js-tictactoe-rails-api-v-000/tmpTestSupport/jasmine.js:1505:22
next@file:///Users/Alex/Desktop/CODE/js-tictactoe-rails-api-v-000/tmpTestSupport/jasmine.js:1517:40
complete@file:///Users/Alex/Desktop/CODE/js-tictactoe-rails-api-v-000/tmpTestSupport/jasmine.js:333:19
clearStack@file:///Users/Alex/Desktop/CODE/js-tictactoe-rails-api-v-000/tmpTestSupport/jasmine.js:506:11
run@file:///Users/Alex/Desktop/CODE/js-tictactoe-rails-api-v-000/tmpTestSupport/jasmine.js:1505:22
execute@file:///Users/Alex/Desktop/CODE/js-tictactoe-rails-api-v-000/tmpTestSupport/jasmine.js:1485:13
queueRunnerFactory@file:///Users/Alex/Desktop/CODE/js-tictactoe-rails-api-v-000/tmpTestSupport/jasmine.js:518:42
execute@file:///Users/Alex/Desktop/CODE/js-tictactoe-rails-api-v-000/tmpTestSupport/jasmine.js:306:28
file:///Users/Alex/Desktop/CODE/js-tictactoe-rails-api-v-000/tmpTestSupport/jasmine.js:1708:44
attemptAsync@file:///Users/Alex/Desktop/CODE/js-tictactoe-rails-api-v-000/tmpTestSupport/jasmine.js:1520:16
run@file:///Users/Alex/Desktop/CODE/js-tictactoe-rails-api-v-000/tmpTestSupport/jasmine.js:1496:28
next@file:///Users/Alex/Desktop/CODE/js-tictactoe-rails-api-v-000/tmpTestSupport/jasmine.js:1517:40
complete@file:///Users/Alex/Desktop/CODE/js-tictactoe-rails-api-v-000/tmpTestSupport/jasmine.js:333:19			</failure>
		</testcase>
		<testcase classname="#integration tests of persistence" name="if i click the save game button a second time it should send a PATCH to /games/:id" time="0.001">
			<failure type="" message="ReferenceError: Can&amp;apos;t find variable: attachListeners in file:///Users/Alex/Desktop/CODE/js-tictactoe-rails-api-v-000/spec/tictactoe.spec.js (line 263)">
file:///Users/Alex/Desktop/CODE/js-tictactoe-rails-api-v-000/spec/tictactoe.spec.js:263:20
attemptSync@file:///Users/Alex/Desktop/CODE/js-tictactoe-rails-api-v-000/tmpTestSupport/jasmine.js:1510:16
run@file:///Users/Alex/Desktop/CODE/js-tictactoe-rails-api-v-000/tmpTestSupport/jasmine.js:1498:20
execute@file:///Users/Alex/Desktop/CODE/js-tictactoe-rails-api-v-000/tmpTestSupport/jasmine.js:1485:13
queueRunnerFactory@file:///Users/Alex/Desktop/CODE/js-tictactoe-rails-api-v-000/tmpTestSupport/jasmine.js:518:42
execute@file:///Users/Alex/Desktop/CODE/js-tictactoe-rails-api-v-000/tmpTestSupport/jasmine.js:306:28
file:///Users/Alex/Desktop/CODE/js-tictactoe-rails-api-v-000/tmpTestSupport/jasmine.js:1708:44
attemptAsync@file:///Users/Alex/Desktop/CODE/js-tictactoe-rails-api-v-000/tmpTestSupport/jasmine.js:1520:16
run@file:///Users/Alex/Desktop/CODE/js-tictactoe-rails-api-v-000/tmpTestSupport/jasmine.js:1496:28
next@file:///Users/Alex/Desktop/CODE/js-tictactoe-rails-api-v-000/tmpTestSupport/jasmine.js:1517:40
complete@file:///Users/Alex/Desktop/CODE/js-tictactoe-rails-api-v-000/tmpTestSupport/jasmine.js:333:19
clearStack@file:///Users/Alex/Desktop/CODE/js-tictactoe-rails-api-v-000/tmpTestSupport/jasmine.js:506:11
run@file:///Users/Alex/Desktop/CODE/js-tictactoe-rails-api-v-000/tmpTestSupport/jasmine.js:1505:22
execute@file:///Users/Alex/Desktop/CODE/js-tictactoe-rails-api-v-000/tmpTestSupport/jasmine.js:1485:13
queueRunnerFactory@file:///Users/Alex/Desktop/CODE/js-tictactoe-rails-api-v-000/tmpTestSupport/jasmine.js:518:42
execute@file:///Users/Alex/Desktop/CODE/js-tictactoe-rails-api-v-000/tmpTestSupport/jasmine.js:306:28
file:///Users/Alex/Desktop/CODE/js-tictactoe-rails-api-v-000/tmpTestSupport/jasmine.js:1708:44
attemptAsync@file:///Users/Alex/Desktop/CODE/js-tictactoe-rails-api-v-000/tmpTestSupport/jasmine.js:1520:16
run@file:///Users/Alex/Desktop/CODE/js-tictactoe-rails-api-v-000/tmpTestSupport/jasmine.js:1496:28
next@file:///Users/Alex/Desktop/CODE/js-tictactoe-rails-api-v-000/tmpTestSupport/jasmine.js:1517:40
complete@file:///Users/Alex/Desktop/CODE/js-tictactoe-rails-api-v-000/tmpTestSupport/jasmine.js:333:19
clearStack@file:///Users/Alex/Desktop/CODE/js-tictactoe-rails-api-v-000/tmpTestSupport/jasmine.js:506:11
run@file:///Users/Alex/Desktop/CODE/js-tictactoe-rails-api-v-000/tmpTestSupport/jasmine.js:1505:22
execute@file:///Users/Alex/Desktop/CODE/js-tictactoe-rails-api-v-000/tmpTestSupport/jasmine.js:1485:13
queueRunnerFactory@file:///Users/Alex/Desktop/CODE/js-tictactoe-rails-api-v-000/tmpTestSupport/jasmine.js:518:42
execute@file:///Users/Alex/Desktop/CODE/js-tictactoe-rails-api-v-000/tmpTestSupport/jasmine.js:306:28
file:///Users/Alex/Desktop/CODE/js-tictactoe-rails-api-v-000/tmpTestSupport/jasmine.js:1708:44
attemptAsync@file:///Users/Alex/Desktop/CODE/js-tictactoe-rails-api-v-000/tmpTestSupport/jasmine.js:1520:16
run@file:///Users/Alex/Desktop/CODE/js-tictactoe-rails-api-v-000/tmpTestSupport/jasmine.js:1496:28
execute@file:///Users/Alex/Desktop/CODE/js-tictactoe-rails-api-v-000/tmpTestSupport/jasmine.js:1485:13
queueRunnerFactory@file:///Users/Alex/Desktop/CODE/js-tictactoe-rails-api-v-000/tmpTestSupport/jasmine.js:518:42
execute@file:///Users/Alex/Desktop/CODE/js-tictactoe-rails-api-v-000/tmpTestSupport/jasmine.js:1694:21
file:///Users/Alex/Desktop/CODE/js-tictactoe-rails-api-v-000/tmpTestSupport/jasmine.js:1708:44
attemptAsync@file:///Users/Alex/Desktop/CODE/js-tictactoe-rails-api-v-000/tmpTestSupport/jasmine.js:1520:16
run@file:///Users/Alex/Desktop/CODE/js-tictactoe-rails-api-v-000/tmpTestSupport/jasmine.js:1496:28
next@file:///Users/Alex/Desktop/CODE/js-tictactoe-rails-api-v-000/tmpTestSupport/jasmine.js:1517:40
complete@file:///Users/Alex/Desktop/CODE/js-tictactoe-rails-api-v-000/tmpTestSupport/jasmine.js:1703:19
clearStack@file:///Users/Alex/Desktop/CODE/js-tictactoe-rails-api-v-000/tmpTestSupport/jasmine.js:506:11
run@file:///Users/Alex/Desktop/CODE/js-tictactoe-rails-api-v-000/tmpTestSupport/jasmine.js:1505:22
next@file:///Users/Alex/Desktop/CODE/js-tictactoe-rails-api-v-000/tmpTestSupport/jasmine.js:1517:40
complete@file:///Users/Alex/Desktop/CODE/js-tictactoe-rails-api-v-000/tmpTestSupport/jasmine.js:1703:19
clearStack@file:///Users/Alex/Desktop/CODE/js-tictactoe-rails-api-v-000/tmpTestSupport/jasmine.js:506:11
run@file:///Users/Alex/Desktop/CODE/js-tictactoe-rails-api-v-000/tmpTestSupport/jasmine.js:1505:22
next@file:///Users/Alex/Desktop/CODE/js-tictactoe-rails-api-v-000/tmpTestSupport/jasmine.js:1517:40
complete@file:///Users/Alex/Desktop/CODE/js-tictactoe-rails-api-v-000/tmpTestSupport/jasmine.js:333:19
clearStack@file:///Users/Alex/Desktop/CODE/js-tictactoe-rails-api-v-000/tmpTestSupport/jasmine.js:506:11
run@file:///Users/Alex/Desktop/CODE/js-tictactoe-rails-api-v-000/tmpTestSupport/jasmine.js:1505:22
execute@file:///Users/Alex/Desktop/CODE/js-tictactoe-rails-api-v-000/tmpTestSupport/jasmine.js:1485:13
queueRunnerFactory@file:///Users/Alex/Desktop/CODE/js-tictactoe-rails-api-v-000/tmpTestSupport/jasmine.js:518:42
execute@file:///Users/Alex/Desktop/CODE/js-tictactoe-rails-api-v-000/tmpTestSupport/jasmine.js:306:28
file:///Users/Alex/Desktop/CODE/js-tictactoe-rails-api-v-000/tmpTestSupport/jasmine.js:1708:44
attemptAsync@file:///Users/Alex/Desktop/CODE/js-tictactoe-rails-api-v-000/tmpTestSupport/jasmine.js:1520:16
run@file:///Users/Alex/Desktop/CODE/js-tictactoe-rails-api-v-000/tmpTestSupport/jasmine.js:1496:28
next@file:///Users/Alex/Desktop/CODE/js-tictactoe-rails-api-v-000/tmpTestSupport/jasmine.js:1517:40
complete@file:///Users/Alex/Desktop/CODE/js-tictactoe-rails-api-v-000/tmpTestSupport/jasmine.js:333:19			</failure>
		</testcase>
		<testcase classname="#integration tests of persistence" name="if i click the previous game button and no games have been saved i should get no games in the DOM" time="0.001">
			<failure type="" message="ReferenceError: Can&amp;apos;t find variable: attachListeners in file:///Users/Alex/Desktop/CODE/js-tictactoe-rails-api-v-000/spec/tictactoe.spec.js (line 287)">
file:///Users/Alex/Desktop/CODE/js-tictactoe-rails-api-v-000/spec/tictactoe.spec.js:287:20
attemptSync@file:///Users/Alex/Desktop/CODE/js-tictactoe-rails-api-v-000/tmpTestSupport/jasmine.js:1510:16
run@file:///Users/Alex/Desktop/CODE/js-tictactoe-rails-api-v-000/tmpTestSupport/jasmine.js:1498:20
execute@file:///Users/Alex/Desktop/CODE/js-tictactoe-rails-api-v-000/tmpTestSupport/jasmine.js:1485:13
queueRunnerFactory@file:///Users/Alex/Desktop/CODE/js-tictactoe-rails-api-v-000/tmpTestSupport/jasmine.js:518:42
execute@file:///Users/Alex/Desktop/CODE/js-tictactoe-rails-api-v-000/tmpTestSupport/jasmine.js:306:28
file:///Users/Alex/Desktop/CODE/js-tictactoe-rails-api-v-000/tmpTestSupport/jasmine.js:1708:44
attemptAsync@file:///Users/Alex/Desktop/CODE/js-tictactoe-rails-api-v-000/tmpTestSupport/jasmine.js:1520:16
run@file:///Users/Alex/Desktop/CODE/js-tictactoe-rails-api-v-000/tmpTestSupport/jasmine.js:1496:28
next@file:///Users/Alex/Desktop/CODE/js-tictactoe-rails-api-v-000/tmpTestSupport/jasmine.js:1517:40
complete@file:///Users/Alex/Desktop/CODE/js-tictactoe-rails-api-v-000/tmpTestSupport/jasmine.js:333:19
clearStack@file:///Users/Alex/Desktop/CODE/js-tictactoe-rails-api-v-000/tmpTestSupport/jasmine.js:506:11
run@file:///Users/Alex/Desktop/CODE/js-tictactoe-rails-api-v-000/tmpTestSupport/jasmine.js:1505:22
execute@file:///Users/Alex/Desktop/CODE/js-tictactoe-rails-api-v-000/tmpTestSupport/jasmine.js:1485:13
queueRunnerFactory@file:///Users/Alex/Desktop/CODE/js-tictactoe-rails-api-v-000/tmpTestSupport/jasmine.js:518:42
execute@file:///Users/Alex/Desktop/CODE/js-tictactoe-rails-api-v-000/tmpTestSupport/jasmine.js:306:28
file:///Users/Alex/Desktop/CODE/js-tictactoe-rails-api-v-000/tmpTestSupport/jasmine.js:1708:44
attemptAsync@file:///Users/Alex/Desktop/CODE/js-tictactoe-rails-api-v-000/tmpTestSupport/jasmine.js:1520:16
run@file:///Users/Alex/Desktop/CODE/js-tictactoe-rails-api-v-000/tmpTestSupport/jasmine.js:1496:28
next@file:///Users/Alex/Desktop/CODE/js-tictactoe-rails-api-v-000/tmpTestSupport/jasmine.js:1517:40
complete@file:///Users/Alex/Desktop/CODE/js-tictactoe-rails-api-v-000/tmpTestSupport/jasmine.js:333:19
clearStack@file:///Users/Alex/Desktop/CODE/js-tictactoe-rails-api-v-000/tmpTestSupport/jasmine.js:506:11
run@file:///Users/Alex/Desktop/CODE/js-tictactoe-rails-api-v-000/tmpTestSupport/jasmine.js:1505:22
execute@file:///Users/Alex/Desktop/CODE/js-tictactoe-rails-api-v-000/tmpTestSupport/jasmine.js:1485:13
queueRunnerFactory@file:///Users/Alex/Desktop/CODE/js-tictactoe-rails-api-v-000/tmpTestSupport/jasmine.js:518:42
execute@file:///Users/Alex/Desktop/CODE/js-tictactoe-rails-api-v-000/tmpTestSupport/jasmine.js:306:28
file:///Users/Alex/Desktop/CODE/js-tictactoe-rails-api-v-000/tmpTestSupport/jasmine.js:1708:44
attemptAsync@file:///Users/Alex/Desktop/CODE/js-tictactoe-rails-api-v-000/tmpTestSupport/jasmine.js:1520:16
run@file:///Users/Alex/Desktop/CODE/js-tictactoe-rails-api-v-000/tmpTestSupport/jasmine.js:1496:28
next@file:///Users/Alex/Desktop/CODE/js-tictactoe-rails-api-v-000/tmpTestSupport/jasmine.js:1517:40
complete@file:///Users/Alex/Desktop/CODE/js-tictactoe-rails-api-v-000/tmpTestSupport/jasmine.js:333:19
clearStack@file:///Users/Alex/Desktop/CODE/js-tictactoe-rails-api-v-000/tmpTestSupport/jasmine.js:506:11
run@file:///Users/Alex/Desktop/CODE/js-tictactoe-rails-api-v-000/tmpTestSupport/jasmine.js:1505:22
execute@file:///Users/Alex/Desktop/CODE/js-tictactoe-rails-api-v-000/tmpTestSupport/jasmine.js:1485:13
queueRunnerFactory@file:///Users/Alex/Desktop/CODE/js-tictactoe-rails-api-v-000/tmpTestSupport/jasmine.js:518:42
execute@file:///Users/Alex/Desktop/CODE/js-tictactoe-rails-api-v-000/tmpTestSupport/jasmine.js:306:28
file:///Users/Alex/Desktop/CODE/js-tictactoe-rails-api-v-000/tmpTestSupport/jasmine.js:1708:44
attemptAsync@file:///Users/Alex/Desktop/CODE/js-tictactoe-rails-api-v-000/tmpTestSupport/jasmine.js:1520:16
run@file:///Users/Alex/Desktop/CODE/js-tictactoe-rails-api-v-000/tmpTestSupport/jasmine.js:1496:28
execute@file:///Users/Alex/Desktop/CODE/js-tictactoe-rails-api-v-000/tmpTestSupport/jasmine.js:1485:13
queueRunnerFactory@file:///Users/Alex/Desktop/CODE/js-tictactoe-rails-api-v-000/tmpTestSupport/jasmine.js:518:42
execute@file:///Users/Alex/Desktop/CODE/js-tictactoe-rails-api-v-000/tmpTestSupport/jasmine.js:1694:21
file:///Users/Alex/Desktop/CODE/js-tictactoe-rails-api-v-000/tmpTestSupport/jasmine.js:1708:44
attemptAsync@file:///Users/Alex/Desktop/CODE/js-tictactoe-rails-api-v-000/tmpTestSupport/jasmine.js:1520:16
run@file:///Users/Alex/Desktop/CODE/js-tictactoe-rails-api-v-000/tmpTestSupport/jasmine.js:1496:28
next@file:///Users/Alex/Desktop/CODE/js-tictactoe-rails-api-v-000/tmpTestSupport/jasmine.js:1517:40
complete@file:///Users/Alex/Desktop/CODE/js-tictactoe-rails-api-v-000/tmpTestSupport/jasmine.js:1703:19
clearStack@file:///Users/Alex/Desktop/CODE/js-tictactoe-rails-api-v-000/tmpTestSupport/jasmine.js:506:11
run@file:///Users/Alex/Desktop/CODE/js-tictactoe-rails-api-v-000/tmpTestSupport/jasmine.js:1505:22
next@file:///Users/Alex/Desktop/CODE/js-tictactoe-rails-api-v-000/tmpTestSupport/jasmine.js:1517:40
complete@file:///Users/Alex/Desktop/CODE/js-tictactoe-rails-api-v-000/tmpTestSupport/jasmine.js:1703:19
clearStack@file:///Users/Alex/Desktop/CODE/js-tictactoe-rails-api-v-000/tmpTestSupport/jasmine.js:506:11
run@file:///Users/Alex/Desktop/CODE/js-tictactoe-rails-api-v-000/tmpTestSupport/jasmine.js:1505:22
next@file:///Users/Alex/Desktop/CODE/js-tictactoe-rails-api-v-000/tmpTestSupport/jasmine.js:1517:40
complete@file:///Users/Alex/Desktop/CODE/js-tictactoe-rails-api-v-000/tmpTestSupport/jasmine.js:333:19
clearStack@file:///Users/Alex/Desktop/CODE/js-tictactoe-rails-api-v-000/tmpTestSupport/jasmine.js:506:11
run@file:///Users/Alex/Desktop/CODE/js-tictactoe-rails-api-v-000/tmpTestSupport/jasmine.js:1505:22
execute@file:///Users/Alex/Desktop/CODE/js-tictactoe-rails-api-v-000/tmpTestSupport/jasmine.js:1485:13
queueRunnerFactory@file:///Users/Alex/Desktop/CODE/js-tictactoe-rails-api-v-000/tmpTestSupport/jasmine.js:518:42
execute@file:///Users/Alex/Desktop/CODE/js-tictactoe-rails-api-v-000/tmpTestSupport/jasmine.js:306:28
file:///Users/Alex/Desktop/CODE/js-tictactoe-rails-api-v-000/tmpTestSupport/jasmine.js:1708:44
attemptAsync@file:///Users/Alex/Desktop/CODE/js-tictactoe-rails-api-v-000/tmpTestSupport/jasmine.js:1520:16
run@file:///Users/Alex/Desktop/CODE/js-tictactoe-rails-api-v-000/tmpTestSupport/jasmine.js:1496:28
next@file:///Users/Alex/Desktop/CODE/js-tictactoe-rails-api-v-000/tmpTestSupport/jasmine.js:1517:40
complete@file:///Users/Alex/Desktop/CODE/js-tictactoe-rails-api-v-000/tmpTestSupport/jasmine.js:333:19			</failure>
		</testcase>
		<testcase classname="#integration tests of persistence" name="if i click the previous game button and a game has already been saved it should add the previous game to the DOM" time="0">
			<failure type="" message="ReferenceError: Can&amp;apos;t find variable: attachListeners in file:///Users/Alex/Desktop/CODE/js-tictactoe-rails-api-v-000/spec/tictactoe.spec.js (line 306)">
file:///Users/Alex/Desktop/CODE/js-tictactoe-rails-api-v-000/spec/tictactoe.spec.js:306:20
attemptSync@file:///Users/Alex/Desktop/CODE/js-tictactoe-rails-api-v-000/tmpTestSupport/jasmine.js:1510:16
run@file:///Users/Alex/Desktop/CODE/js-tictactoe-rails-api-v-000/tmpTestSupport/jasmine.js:1498:20
execute@file:///Users/Alex/Desktop/CODE/js-tictactoe-rails-api-v-000/tmpTestSupport/jasmine.js:1485:13
queueRunnerFactory@file:///Users/Alex/Desktop/CODE/js-tictactoe-rails-api-v-000/tmpTestSupport/jasmine.js:518:42
execute@file:///Users/Alex/Desktop/CODE/js-tictactoe-rails-api-v-000/tmpTestSupport/jasmine.js:306:28
file:///Users/Alex/Desktop/CODE/js-tictactoe-rails-api-v-000/tmpTestSupport/jasmine.js:1708:44
attemptAsync@file:///Users/Alex/Desktop/CODE/js-tictactoe-rails-api-v-000/tmpTestSupport/jasmine.js:1520:16
run@file:///Users/Alex/Desktop/CODE/js-tictactoe-rails-api-v-000/tmpTestSupport/jasmine.js:1496:28
next@file:///Users/Alex/Desktop/CODE/js-tictactoe-rails-api-v-000/tmpTestSupport/jasmine.js:1517:40
complete@file:///Users/Alex/Desktop/CODE/js-tictactoe-rails-api-v-000/tmpTestSupport/jasmine.js:333:19
clearStack@file:///Users/Alex/Desktop/CODE/js-tictactoe-rails-api-v-000/tmpTestSupport/jasmine.js:506:11
run@file:///Users/Alex/Desktop/CODE/js-tictactoe-rails-api-v-000/tmpTestSupport/jasmine.js:1505:22
execute@file:///Users/Alex/Desktop/CODE/js-tictactoe-rails-api-v-000/tmpTestSupport/jasmine.js:1485:13
queueRunnerFactory@file:///Users/Alex/Desktop/CODE/js-tictactoe-rails-api-v-000/tmpTestSupport/jasmine.js:518:42
execute@file:///Users/Alex/Desktop/CODE/js-tictactoe-rails-api-v-000/tmpTestSupport/jasmine.js:306:28
file:///Users/Alex/Desktop/CODE/js-tictactoe-rails-api-v-000/tmpTestSupport/jasmine.js:1708:44
attemptAsync@file:///Users/Alex/Desktop/CODE/js-tictactoe-rails-api-v-000/tmpTestSupport/jasmine.js:1520:16
run@file:///Users/Alex/Desktop/CODE/js-tictactoe-rails-api-v-000/tmpTestSupport/jasmine.js:1496:28
next@file:///Users/Alex/Desktop/CODE/js-tictactoe-rails-api-v-000/tmpTestSupport/jasmine.js:1517:40
complete@file:///Users/Alex/Desktop/CODE/js-tictactoe-rails-api-v-000/tmpTestSupport/jasmine.js:333:19
clearStack@file:///Users/Alex/Desktop/CODE/js-tictactoe-rails-api-v-000/tmpTestSupport/jasmine.js:506:11
run@file:///Users/Alex/Desktop/CODE/js-tictactoe-rails-api-v-000/tmpTestSupport/jasmine.js:1505:22
execute@file:///Users/Alex/Desktop/CODE/js-tictactoe-rails-api-v-000/tmpTestSupport/jasmine.js:1485:13
queueRunnerFactory@file:///Users/Alex/Desktop/CODE/js-tictactoe-rails-api-v-000/tmpTestSupport/jasmine.js:518:42
execute@file:///Users/Alex/Desktop/CODE/js-tictactoe-rails-api-v-000/tmpTestSupport/jasmine.js:306:28
file:///Users/Alex/Desktop/CODE/js-tictactoe-rails-api-v-000/tmpTestSupport/jasmine.js:1708:44
attemptAsync@file:///Users/Alex/Desktop/CODE/js-tictactoe-rails-api-v-000/tmpTestSupport/jasmine.js:1520:16
run@file:///Users/Alex/Desktop/CODE/js-tictactoe-rails-api-v-000/tmpTestSupport/jasmine.js:1496:28
next@file:///Users/Alex/Desktop/CODE/js-tictactoe-rails-api-v-000/tmpTestSupport/jasmine.js:1517:40
complete@file:///Users/Alex/Desktop/CODE/js-tictactoe-rails-api-v-000/tmpTestSupport/jasmine.js:333:19
clearStack@file:///Users/Alex/Desktop/CODE/js-tictactoe-rails-api-v-000/tmpTestSupport/jasmine.js:506:11
run@file:///Users/Alex/Desktop/CODE/js-tictactoe-rails-api-v-000/tmpTestSupport/jasmine.js:1505:22
execute@file:///Users/Alex/Desktop/CODE/js-tictactoe-rails-api-v-000/tmpTestSupport/jasmine.js:1485:13
queueRunnerFactory@file:///Users/Alex/Desktop/CODE/js-tictactoe-rails-api-v-000/tmpTestSupport/jasmine.js:518:42
execute@file:///Users/Alex/Desktop/CODE/js-tictactoe-rails-api-v-000/tmpTestSupport/jasmine.js:306:28
file:///Users/Alex/Desktop/CODE/js-tictactoe-rails-api-v-000/tmpTestSupport/jasmine.js:1708:44
attemptAsync@file:///Users/Alex/Desktop/CODE/js-tictactoe-rails-api-v-000/tmpTestSupport/jasmine.js:1520:16
run@file:///Users/Alex/Desktop/CODE/js-tictactoe-rails-api-v-000/tmpTestSupport/jasmine.js:1496:28
next@file:///Users/Alex/Desktop/CODE/js-tictactoe-rails-api-v-000/tmpTestSupport/jasmine.js:1517:40
complete@file:///Users/Alex/Desktop/CODE/js-tictactoe-rails-api-v-000/tmpTestSupport/jasmine.js:333:19
clearStack@file:///Users/Alex/Desktop/CODE/js-tictactoe-rails-api-v-000/tmpTestSupport/jasmine.js:506:11
run@file:///Users/Alex/Desktop/CODE/js-tictactoe-rails-api-v-000/tmpTestSupport/jasmine.js:1505:22
execute@file:///Users/Alex/Desktop/CODE/js-tictactoe-rails-api-v-000/tmpTestSupport/jasmine.js:1485:13
queueRunnerFactory@file:///Users/Alex/Desktop/CODE/js-tictactoe-rails-api-v-000/tmpTestSupport/jasmine.js:518:42
execute@file:///Users/Alex/Desktop/CODE/js-tictactoe-rails-api-v-000/tmpTestSupport/jasmine.js:306:28
file:///Users/Alex/Desktop/CODE/js-tictactoe-rails-api-v-000/tmpTestSupport/jasmine.js:1708:44
attemptAsync@file:///Users/Alex/Desktop/CODE/js-tictactoe-rails-api-v-000/tmpTestSupport/jasmine.js:1520:16
run@file:///Users/Alex/Desktop/CODE/js-tictactoe-rails-api-v-000/tmpTestSupport/jasmine.js:1496:28
execute@file:///Users/Alex/Desktop/CODE/js-tictactoe-rails-api-v-000/tmpTestSupport/jasmine.js:1485:13
queueRunnerFactory@file:///Users/Alex/Desktop/CODE/js-tictactoe-rails-api-v-000/tmpTestSupport/jasmine.js:518:42
execute@file:///Users/Alex/Desktop/CODE/js-tictactoe-rails-api-v-000/tmpTestSupport/jasmine.js:1694:21
file:///Users/Alex/Desktop/CODE/js-tictactoe-rails-api-v-000/tmpTestSupport/jasmine.js:1708:44
attemptAsync@file:///Users/Alex/Desktop/CODE/js-tictactoe-rails-api-v-000/tmpTestSupport/jasmine.js:1520:16
run@file:///Users/Alex/Desktop/CODE/js-tictactoe-rails-api-v-000/tmpTestSupport/jasmine.js:1496:28
next@file:///Users/Alex/Desktop/CODE/js-tictactoe-rails-api-v-000/tmpTestSupport/jasmine.js:1517:40
complete@file:///Users/Alex/Desktop/CODE/js-tictactoe-rails-api-v-000/tmpTestSupport/jasmine.js:1703:19
clearStack@file:///Users/Alex/Desktop/CODE/js-tictactoe-rails-api-v-000/tmpTestSupport/jasmine.js:506:11
run@file:///Users/Alex/Desktop/CODE/js-tictactoe-rails-api-v-000/tmpTestSupport/jasmine.js:1505:22
next@file:///Users/Alex/Desktop/CODE/js-tictactoe-rails-api-v-000/tmpTestSupport/jasmine.js:1517:40
complete@file:///Users/Alex/Desktop/CODE/js-tictactoe-rails-api-v-000/tmpTestSupport/jasmine.js:1703:19
clearStack@file:///Users/Alex/Desktop/CODE/js-tictactoe-rails-api-v-000/tmpTestSupport/jasmine.js:506:11
run@file:///Users/Alex/Desktop/CODE/js-tictactoe-rails-api-v-000/tmpTestSupport/jasmine.js:1505:22
next@file:///Users/Alex/Desktop/CODE/js-tictactoe-rails-api-v-000/tmpTestSupport/jasmine.js:1517:40
complete@file:///Users/Alex/Desktop/CODE/js-tictactoe-rails-api-v-000/tmpTestSupport/jasmine.js:333:19
clearStack@file:///Users/Alex/Desktop/CODE/js-tictactoe-rails-api-v-000/tmpTestSupport/jasmine.js:506:11
run@file:///Users/Alex/Desktop/CODE/js-tictactoe-rails-api-v-000/tmpTestSupport/jasmine.js:1505:22
execute@file:///Users/Alex/Desktop/CODE/js-tictactoe-rails-api-v-000/tmpTestSupport/jasmine.js:1485:13
queueRunnerFactory@file:///Users/Alex/Desktop/CODE/js-tictactoe-rails-api-v-000/tmpTestSupport/jasmine.js:518:42
execute@file:///Users/Alex/Desktop/CODE/js-tictactoe-rails-api-v-000/tmpTestSupport/jasmine.js:306:28
file:///Users/Alex/Desktop/CODE/js-tictactoe-rails-api-v-000/tmpTestSupport/jasmine.js:1708:44
attemptAsync@file:///Users/Alex/Desktop/CODE/js-tictactoe-rails-api-v-000/tmpTestSupport/jasmine.js:1520:16
run@file:///Users/Alex/Desktop/CODE/js-tictactoe-rails-api-v-000/tmpTestSupport/jasmine.js:1496:28
next@file:///Users/Alex/Desktop/CODE/js-tictactoe-rails-api-v-000/tmpTestSupport/jasmine.js:1517:40
complete@file:///Users/Alex/Desktop/CODE/js-tictactoe-rails-api-v-000/tmpTestSupport/jasmine.js:333:19			</failure>
		</testcase>
		<testcase classname="#integration tests of persistence" name="if i click save it should persist the game so that when i asked for previous games i should get one more in the DOM" time="0">
			<failure type="" message="ReferenceError: Can&amp;apos;t find variable: attachListeners in file:///Users/Alex/Desktop/CODE/js-tictactoe-rails-api-v-000/spec/tictactoe.spec.js (line 328)">
file:///Users/Alex/Desktop/CODE/js-tictactoe-rails-api-v-000/spec/tictactoe.spec.js:328:20
attemptSync@file:///Users/Alex/Desktop/CODE/js-tictactoe-rails-api-v-000/tmpTestSupport/jasmine.js:1510:16
run@file:///Users/Alex/Desktop/CODE/js-tictactoe-rails-api-v-000/tmpTestSupport/jasmine.js:1498:20
execute@file:///Users/Alex/Desktop/CODE/js-tictactoe-rails-api-v-000/tmpTestSupport/jasmine.js:1485:13
queueRunnerFactory@file:///Users/Alex/Desktop/CODE/js-tictactoe-rails-api-v-000/tmpTestSupport/jasmine.js:518:42
execute@file:///Users/Alex/Desktop/CODE/js-tictactoe-rails-api-v-000/tmpTestSupport/jasmine.js:306:28
file:///Users/Alex/Desktop/CODE/js-tictactoe-rails-api-v-000/tmpTestSupport/jasmine.js:1708:44
attemptAsync@file:///Users/Alex/Desktop/CODE/js-tictactoe-rails-api-v-000/tmpTestSupport/jasmine.js:1520:16
run@file:///Users/Alex/Desktop/CODE/js-tictactoe-rails-api-v-000/tmpTestSupport/jasmine.js:1496:28
next@file:///Users/Alex/Desktop/CODE/js-tictactoe-rails-api-v-000/tmpTestSupport/jasmine.js:1517:40
complete@file:///Users/Alex/Desktop/CODE/js-tictactoe-rails-api-v-000/tmpTestSupport/jasmine.js:333:19
clearStack@file:///Users/Alex/Desktop/CODE/js-tictactoe-rails-api-v-000/tmpTestSupport/jasmine.js:506:11
run@file:///Users/Alex/Desktop/CODE/js-tictactoe-rails-api-v-000/tmpTestSupport/jasmine.js:1505:22
execute@file:///Users/Alex/Desktop/CODE/js-tictactoe-rails-api-v-000/tmpTestSupport/jasmine.js:1485:13
queueRunnerFactory@file:///Users/Alex/Desktop/CODE/js-tictactoe-rails-api-v-000/tmpTestSupport/jasmine.js:518:42
execute@file:///Users/Alex/Desktop/CODE/js-tictactoe-rails-api-v-000/tmpTestSupport/jasmine.js:306:28
file:///Users/Alex/Desktop/CODE/js-tictactoe-rails-api-v-000/tmpTestSupport/jasmine.js:1708:44
attemptAsync@file:///Users/Alex/Desktop/CODE/js-tictactoe-rails-api-v-000/tmpTestSupport/jasmine.js:1520:16
run@file:///Users/Alex/Desktop/CODE/js-tictactoe-rails-api-v-000/tmpTestSupport/jasmine.js:1496:28
next@file:///Users/Alex/Desktop/CODE/js-tictactoe-rails-api-v-000/tmpTestSupport/jasmine.js:1517:40
complete@file:///Users/Alex/Desktop/CODE/js-tictactoe-rails-api-v-000/tmpTestSupport/jasmine.js:333:19
clearStack@file:///Users/Alex/Desktop/CODE/js-tictactoe-rails-api-v-000/tmpTestSupport/jasmine.js:506:11
run@file:///Users/Alex/Desktop/CODE/js-tictactoe-rails-api-v-000/tmpTestSupport/jasmine.js:1505:22
execute@file:///Users/Alex/Desktop/CODE/js-tictactoe-rails-api-v-000/tmpTestSupport/jasmine.js:1485:13
queueRunnerFactory@file:///Users/Alex/Desktop/CODE/js-tictactoe-rails-api-v-000/tmpTestSupport/jasmine.js:518:42
execute@file:///Users/Alex/Desktop/CODE/js-tictactoe-rails-api-v-000/tmpTestSupport/jasmine.js:306:28
file:///Users/Alex/Desktop/CODE/js-tictactoe-rails-api-v-000/tmpTestSupport/jasmine.js:1708:44
attemptAsync@file:///Users/Alex/Desktop/CODE/js-tictactoe-rails-api-v-000/tmpTestSupport/jasmine.js:1520:16
run@file:///Users/Alex/Desktop/CODE/js-tictactoe-rails-api-v-000/tmpTestSupport/jasmine.js:1496:28
next@file:///Users/Alex/Desktop/CODE/js-tictactoe-rails-api-v-000/tmpTestSupport/jasmine.js:1517:40
complete@file:///Users/Alex/Desktop/CODE/js-tictactoe-rails-api-v-000/tmpTestSupport/jasmine.js:333:19
clearStack@file:///Users/Alex/Desktop/CODE/js-tictactoe-rails-api-v-000/tmpTestSupport/jasmine.js:506:11
run@file:///Users/Alex/Desktop/CODE/js-tictactoe-rails-api-v-000/tmpTestSupport/jasmine.js:1505:22
execute@file:///Users/Alex/Desktop/CODE/js-tictactoe-rails-api-v-000/tmpTestSupport/jasmine.js:1485:13
queueRunnerFactory@file:///Users/Alex/Desktop/CODE/js-tictactoe-rails-api-v-000/tmpTestSupport/jasmine.js:518:42
execute@file:///Users/Alex/Desktop/CODE/js-tictactoe-rails-api-v-000/tmpTestSupport/jasmine.js:306:28
file:///Users/Alex/Desktop/CODE/js-tictactoe-rails-api-v-000/tmpTestSupport/jasmine.js:1708:44
attemptAsync@file:///Users/Alex/Desktop/CODE/js-tictactoe-rails-api-v-000/tmpTestSupport/jasmine.js:1520:16
run@file:///Users/Alex/Desktop/CODE/js-tictactoe-rails-api-v-000/tmpTestSupport/jasmine.js:1496:28
next@file:///Users/Alex/Desktop/CODE/js-tictactoe-rails-api-v-000/tmpTestSupport/jasmine.js:1517:40
complete@file:///Users/Alex/Desktop/CODE/js-tictactoe-rails-api-v-000/tmpTestSupport/jasmine.js:333:19
clearStack@file:///Users/Alex/Desktop/CODE/js-tictactoe-rails-api-v-000/tmpTestSupport/jasmine.js:506:11
run@file:///Users/Alex/Desktop/CODE/js-tictactoe-rails-api-v-000/tmpTestSupport/jasmine.js:1505:22
execute@file:///Users/Alex/Desktop/CODE/js-tictactoe-rails-api-v-000/tmpTestSupport/jasmine.js:1485:13
queueRunnerFactory@file:///Users/Alex/Desktop/CODE/js-tictactoe-rails-api-v-000/tmpTestSupport/jasmine.js:518:42
execute@file:///Users/Alex/Desktop/CODE/js-tictactoe-rails-api-v-000/tmpTestSupport/jasmine.js:306:28
file:///Users/Alex/Desktop/CODE/js-tictactoe-rails-api-v-000/tmpTestSupport/jasmine.js:1708:44
attemptAsync@file:///Users/Alex/Desktop/CODE/js-tictactoe-rails-api-v-000/tmpTestSupport/jasmine.js:1520:16
run@file:///Users/Alex/Desktop/CODE/js-tictactoe-rails-api-v-000/tmpTestSupport/jasmine.js:1496:28
next@file:///Users/Alex/Desktop/CODE/js-tictactoe-rails-api-v-000/tmpTestSupport/jasmine.js:1517:40
complete@file:///Users/Alex/Desktop/CODE/js-tictactoe-rails-api-v-000/tmpTestSupport/jasmine.js:333:19
clearStack@file:///Users/Alex/Desktop/CODE/js-tictactoe-rails-api-v-000/tmpTestSupport/jasmine.js:506:11
run@file:///Users/Alex/Desktop/CODE/js-tictactoe-rails-api-v-000/tmpTestSupport/jasmine.js:1505:22
execute@file:///Users/Alex/Desktop/CODE/js-tictactoe-rails-api-v-000/tmpTestSupport/jasmine.js:1485:13
queueRunnerFactory@file:///Users/Alex/Desktop/CODE/js-tictactoe-rails-api-v-000/tmpTestSupport/jasmine.js:518:42
execute@file:///Users/Alex/Desktop/CODE/js-tictactoe-rails-api-v-000/tmpTestSupport/jasmine.js:306:28
file:///Users/Alex/Desktop/CODE/js-tictactoe-rails-api-v-000/tmpTestSupport/jasmine.js:1708:44
attemptAsync@file:///Users/Alex/Desktop/CODE/js-tictactoe-rails-api-v-000/tmpTestSupport/jasmine.js:1520:16
run@file:///Users/Alex/Desktop/CODE/js-tictactoe-rails-api-v-000/tmpTestSupport/jasmine.js:1496:28
execute@file:///Users/Alex/Desktop/CODE/js-tictactoe-rails-api-v-000/tmpTestSupport/jasmine.js:1485:13
queueRunnerFactory@file:///Users/Alex/Desktop/CODE/js-tictactoe-rails-api-v-000/tmpTestSupport/jasmine.js:518:42
execute@file:///Users/Alex/Desktop/CODE/js-tictactoe-rails-api-v-000/tmpTestSupport/jasmine.js:1694:21
file:///Users/Alex/Desktop/CODE/js-tictactoe-rails-api-v-000/tmpTestSupport/jasmine.js:1708:44
attemptAsync@file:///Users/Alex/Desktop/CODE/js-tictactoe-rails-api-v-000/tmpTestSupport/jasmine.js:1520:16
run@file:///Users/Alex/Desktop/CODE/js-tictactoe-rails-api-v-000/tmpTestSupport/jasmine.js:1496:28
next@file:///Users/Alex/Desktop/CODE/js-tictactoe-rails-api-v-000/tmpTestSupport/jasmine.js:1517:40
complete@file:///Users/Alex/Desktop/CODE/js-tictactoe-rails-api-v-000/tmpTestSupport/jasmine.js:1703:19
clearStack@file:///Users/Alex/Desktop/CODE/js-tictactoe-rails-api-v-000/tmpTestSupport/jasmine.js:506:11
run@file:///Users/Alex/Desktop/CODE/js-tictactoe-rails-api-v-000/tmpTestSupport/jasmine.js:1505:22
next@file:///Users/Alex/Desktop/CODE/js-tictactoe-rails-api-v-000/tmpTestSupport/jasmine.js:1517:40
complete@file:///Users/Alex/Desktop/CODE/js-tictactoe-rails-api-v-000/tmpTestSupport/jasmine.js:1703:19
clearStack@file:///Users/Alex/Desktop/CODE/js-tictactoe-rails-api-v-000/tmpTestSupport/jasmine.js:506:11
run@file:///Users/Alex/Desktop/CODE/js-tictactoe-rails-api-v-000/tmpTestSupport/jasmine.js:1505:22
next@file:///Users/Alex/Desktop/CODE/js-tictactoe-rails-api-v-000/tmpTestSupport/jasmine.js:1517:40
complete@file:///Users/Alex/Desktop/CODE/js-tictactoe-rails-api-v-000/tmpTestSupport/jasmine.js:333:19
clearStack@file:///Users/Alex/Desktop/CODE/js-tictactoe-rails-api-v-000/tmpTestSupport/jasmine.js:506:11
run@file:///Users/Alex/Desktop/CODE/js-tictactoe-rails-api-v-000/tmpTestSupport/jasmine.js:1505:22
execute@file:///Users/Alex/Desktop/CODE/js-tictactoe-rails-api-v-000/tmpTestSupport/jasmine.js:1485:13
queueRunnerFactory@file:///Users/Alex/Desktop/CODE/js-tictactoe-rails-api-v-000/tmpTestSupport/jasmine.js:518:42
execute@file:///Users/Alex/Desktop/CODE/js-tictactoe-rails-api-v-000/tmpTestSupport/jasmine.js:306:28
file:///Users/Alex/Desktop/CODE/js-tictactoe-rails-api-v-000/tmpTestSupport/jasmine.js:1708:44
attemptAsync@file:///Users/Alex/Desktop/CODE/js-tictactoe-rails-api-v-000/tmpTestSupport/jasmine.js:1520:16
run@file:///Users/Alex/Desktop/CODE/js-tictactoe-rails-api-v-000/tmpTestSupport/jasmine.js:1496:28
next@file:///Users/Alex/Desktop/CODE/js-tictactoe-rails-api-v-000/tmpTestSupport/jasmine.js:1517:40
complete@file:///Users/Alex/Desktop/CODE/js-tictactoe-rails-api-v-000/tmpTestSupport/jasmine.js:333:19			</failure>
		</testcase>
		<testcase classname="#integration tests of persistence" name="if i play a game it should autosave at the end of the game" time="0.001">
			<failure type="" message="ReferenceError: Can&amp;apos;t find variable: attachListeners in file:///Users/Alex/Desktop/CODE/js-tictactoe-rails-api-v-000/spec/tictactoe.spec.js (line 370)">
file:///Users/Alex/Desktop/CODE/js-tictactoe-rails-api-v-000/spec/tictactoe.spec.js:370:20
attemptSync@file:///Users/Alex/Desktop/CODE/js-tictactoe-rails-api-v-000/tmpTestSupport/jasmine.js:1510:16
run@file:///Users/Alex/Desktop/CODE/js-tictactoe-rails-api-v-000/tmpTestSupport/jasmine.js:1498:20
execute@file:///Users/Alex/Desktop/CODE/js-tictactoe-rails-api-v-000/tmpTestSupport/jasmine.js:1485:13
queueRunnerFactory@file:///Users/Alex/Desktop/CODE/js-tictactoe-rails-api-v-000/tmpTestSupport/jasmine.js:518:42
execute@file:///Users/Alex/Desktop/CODE/js-tictactoe-rails-api-v-000/tmpTestSupport/jasmine.js:306:28
file:///Users/Alex/Desktop/CODE/js-tictactoe-rails-api-v-000/tmpTestSupport/jasmine.js:1708:44
attemptAsync@file:///Users/Alex/Desktop/CODE/js-tictactoe-rails-api-v-000/tmpTestSupport/jasmine.js:1520:16
run@file:///Users/Alex/Desktop/CODE/js-tictactoe-rails-api-v-000/tmpTestSupport/jasmine.js:1496:28
next@file:///Users/Alex/Desktop/CODE/js-tictactoe-rails-api-v-000/tmpTestSupport/jasmine.js:1517:40
complete@file:///Users/Alex/Desktop/CODE/js-tictactoe-rails-api-v-000/tmpTestSupport/jasmine.js:333:19
clearStack@file:///Users/Alex/Desktop/CODE/js-tictactoe-rails-api-v-000/tmpTestSupport/jasmine.js:506:11
run@file:///Users/Alex/Desktop/CODE/js-tictactoe-rails-api-v-000/tmpTestSupport/jasmine.js:1505:22
execute@file:///Users/Alex/Desktop/CODE/js-tictactoe-rails-api-v-000/tmpTestSupport/jasmine.js:1485:13
queueRunnerFactory@file:///Users/Alex/Desktop/CODE/js-tictactoe-rails-api-v-000/tmpTestSupport/jasmine.js:518:42
execute@file:///Users/Alex/Desktop/CODE/js-tictactoe-rails-api-v-000/tmpTestSupport/jasmine.js:306:28
file:///Users/Alex/Desktop/CODE/js-tictactoe-rails-api-v-000/tmpTestSupport/jasmine.js:1708:44
attemptAsync@file:///Users/Alex/Desktop/CODE/js-tictactoe-rails-api-v-000/tmpTestSupport/jasmine.js:1520:16
run@file:///Users/Alex/Desktop/CODE/js-tictactoe-rails-api-v-000/tmpTestSupport/jasmine.js:1496:28
next@file:///Users/Alex/Desktop/CODE/js-tictactoe-rails-api-v-000/tmpTestSupport/jasmine.js:1517:40
complete@file:///Users/Alex/Desktop/CODE/js-tictactoe-rails-api-v-000/tmpTestSupport/jasmine.js:333:19
clearStack@file:///Users/Alex/Desktop/CODE/js-tictactoe-rails-api-v-000/tmpTestSupport/jasmine.js:506:11
run@file:///Users/Alex/Desktop/CODE/js-tictactoe-rails-api-v-000/tmpTestSupport/jasmine.js:1505:22
execute@file:///Users/Alex/Desktop/CODE/js-tictactoe-rails-api-v-000/tmpTestSupport/jasmine.js:1485:13
queueRunnerFactory@file:///Users/Alex/Desktop/CODE/js-tictactoe-rails-api-v-000/tmpTestSupport/jasmine.js:518:42
execute@file:///Users/Alex/Desktop/CODE/js-tictactoe-rails-api-v-000/tmpTestSupport/jasmine.js:306:28
file:///Users/Alex/Desktop/CODE/js-tictactoe-rails-api-v-000/tmpTestSupport/jasmine.js:1708:44
attemptAsync@file:///Users/Alex/Desktop/CODE/js-tictactoe-rails-api-v-000/tmpTestSupport/jasmine.js:1520:16
run@file:///Users/Alex/Desktop/CODE/js-tictactoe-rails-api-v-000/tmpTestSupport/jasmine.js:1496:28
next@file:///Users/Alex/Desktop/CODE/js-tictactoe-rails-api-v-000/tmpTestSupport/jasmine.js:1517:40
complete@file:///Users/Alex/Desktop/CODE/js-tictactoe-rails-api-v-000/tmpTestSupport/jasmine.js:333:19
clearStack@file:///Users/Alex/Desktop/CODE/js-tictactoe-rails-api-v-000/tmpTestSupport/jasmine.js:506:11
run@file:///Users/Alex/Desktop/CODE/js-tictactoe-rails-api-v-000/tmpTestSupport/jasmine.js:1505:22
execute@file:///Users/Alex/Desktop/CODE/js-tictactoe-rails-api-v-000/tmpTestSupport/jasmine.js:1485:13
queueRunnerFactory@file:///Users/Alex/Desktop/CODE/js-tictactoe-rails-api-v-000/tmpTestSupport/jasmine.js:518:42
execute@file:///Users/Alex/Desktop/CODE/js-tictactoe-rails-api-v-000/tmpTestSupport/jasmine.js:306:28
file:///Users/Alex/Desktop/CODE/js-tictactoe-rails-api-v-000/tmpTestSupport/jasmine.js:1708:44
attemptAsync@file:///Users/Alex/Desktop/CODE/js-tictactoe-rails-api-v-000/tmpTestSupport/jasmine.js:1520:16
run@file:///Users/Alex/Desktop/CODE/js-tictactoe-rails-api-v-000/tmpTestSupport/jasmine.js:1496:28
next@file:///Users/Alex/Desktop/CODE/js-tictactoe-rails-api-v-000/tmpTestSupport/jasmine.js:1517:40
complete@file:///Users/Alex/Desktop/CODE/js-tictactoe-rails-api-v-000/tmpTestSupport/jasmine.js:333:19
clearStack@file:///Users/Alex/Desktop/CODE/js-tictactoe-rails-api-v-000/tmpTestSupport/jasmine.js:506:11
run@file:///Users/Alex/Desktop/CODE/js-tictactoe-rails-api-v-000/tmpTestSupport/jasmine.js:1505:22
execute@file:///Users/Alex/Desktop/CODE/js-tictactoe-rails-api-v-000/tmpTestSupport/jasmine.js:1485:13
queueRunnerFactory@file:///Users/Alex/Desktop/CODE/js-tictactoe-rails-api-v-000/tmpTestSupport/jasmine.js:518:42
execute@file:///Users/Alex/Desktop/CODE/js-tictactoe-rails-api-v-000/tmpTestSupport/jasmine.js:306:28
file:///Users/Alex/Desktop/CODE/js-tictactoe-rails-api-v-000/tmpTestSupport/jasmine.js:1708:44
attemptAsync@file:///Users/Alex/Desktop/CODE/js-tictactoe-rails-api-v-000/tmpTestSupport/jasmine.js:1520:16
run@file:///Users/Alex/Desktop/CODE/js-tictactoe-rails-api-v-000/tmpTestSupport/jasmine.js:1496:28
next@file:///Users/Alex/Desktop/CODE/js-tictactoe-rails-api-v-000/tmpTestSupport/jasmine.js:1517:40
complete@file:///Users/Alex/Desktop/CODE/js-tictactoe-rails-api-v-000/tmpTestSupport/jasmine.js:333:19
clearStack@file:///Users/Alex/Desktop/CODE/js-tictactoe-rails-api-v-000/tmpTestSupport/jasmine.js:506:11
run@file:///Users/Alex/Desktop/CODE/js-tictactoe-rails-api-v-000/tmpTestSupport/jasmine.js:1505:22
execute@file:///Users/Alex/Desktop/CODE/js-tictactoe-rails-api-v-000/tmpTestSupport/jasmine.js:1485:13
queueRunnerFactory@file:///Users/Alex/Desktop/CODE/js-tictactoe-rails-api-v-000/tmpTestSupport/jasmine.js:518:42
execute@file:///Users/Alex/Desktop/CODE/js-tictactoe-rails-api-v-000/tmpTestSupport/jasmine.js:306:28
file:///Users/Alex/Desktop/CODE/js-tictactoe-rails-api-v-000/tmpTestSupport/jasmine.js:1708:44
attemptAsync@file:///Users/Alex/Desktop/CODE/js-tictactoe-rails-api-v-000/tmpTestSupport/jasmine.js:1520:16
run@file:///Users/Alex/Desktop/CODE/js-tictactoe-rails-api-v-000/tmpTestSupport/jasmine.js:1496:28
next@file:///Users/Alex/Desktop/CODE/js-tictactoe-rails-api-v-000/tmpTestSupport/jasmine.js:1517:40
complete@file:///Users/Alex/Desktop/CODE/js-tictactoe-rails-api-v-000/tmpTestSupport/jasmine.js:333:19
clearStack@file:///Users/Alex/Desktop/CODE/js-tictactoe-rails-api-v-000/tmpTestSupport/jasmine.js:506:11
run@file:///Users/Alex/Desktop/CODE/js-tictactoe-rails-api-v-000/tmpTestSupport/jasmine.js:1505:22
execute@file:///Users/Alex/Desktop/CODE/js-tictactoe-rails-api-v-000/tmpTestSupport/jasmine.js:1485:13
queueRunnerFactory@file:///Users/Alex/Desktop/CODE/js-tictactoe-rails-api-v-000/tmpTestSupport/jasmine.js:518:42
execute@file:///Users/Alex/Desktop/CODE/js-tictactoe-rails-api-v-000/tmpTestSupport/jasmine.js:306:28
file:///Users/Alex/Desktop/CODE/js-tictactoe-rails-api-v-000/tmpTestSupport/jasmine.js:1708:44
attemptAsync@file:///Users/Alex/Desktop/CODE/js-tictactoe-rails-api-v-000/tmpTestSupport/jasmine.js:1520:16
run@file:///Users/Alex/Desktop/CODE/js-tictactoe-rails-api-v-000/tmpTestSupport/jasmine.js:1496:28
execute@file:///Users/Alex/Desktop/CODE/js-tictactoe-rails-api-v-000/tmpTestSupport/jasmine.js:1485:13
queueRunnerFactory@file:///Users/Alex/Desktop/CODE/js-tictactoe-rails-api-v-000/tmpTestSupport/jasmine.js:518:42
execute@file:///Users/Alex/Desktop/CODE/js-tictactoe-rails-api-v-000/tmpTestSupport/jasmine.js:1694:21
file:///Users/Alex/Desktop/CODE/js-tictactoe-rails-api-v-000/tmpTestSupport/jasmine.js:1708:44
attemptAsync@file:///Users/Alex/Desktop/CODE/js-tictactoe-rails-api-v-000/tmpTestSupport/jasmine.js:1520:16
run@file:///Users/Alex/Desktop/CODE/js-tictactoe-rails-api-v-000/tmpTestSupport/jasmine.js:1496:28
next@file:///Users/Alex/Desktop/CODE/js-tictactoe-rails-api-v-000/tmpTestSupport/jasmine.js:1517:40
complete@file:///Users/Alex/Desktop/CODE/js-tictactoe-rails-api-v-000/tmpTestSupport/jasmine.js:1703:19
clearStack@file:///Users/Alex/Desktop/CODE/js-tictactoe-rails-api-v-000/tmpTestSupport/jasmine.js:506:11
run@file:///Users/Alex/Desktop/CODE/js-tictactoe-rails-api-v-000/tmpTestSupport/jasmine.js:1505:22
next@file:///Users/Alex/Desktop/CODE/js-tictactoe-rails-api-v-000/tmpTestSupport/jasmine.js:1517:40
complete@file:///Users/Alex/Desktop/CODE/js-tictactoe-rails-api-v-000/tmpTestSupport/jasmine.js:1703:19
clearStack@file:///Users/Alex/Desktop/CODE/js-tictactoe-rails-api-v-000/tmpTestSupport/jasmine.js:506:11
run@file:///Users/Alex/Desktop/CODE/js-tictactoe-rails-api-v-000/tmpTestSupport/jasmine.js:1505:22
next@file:///Users/Alex/Desktop/CODE/js-tictactoe-rails-api-v-000/tmpTestSupport/jasmine.js:1517:40
complete@file:///Users/Alex/Desktop/CODE/js-tictactoe-rails-api-v-000/tmpTestSupport/jasmine.js:333:19
clearStack@file:///Users/Alex/Desktop/CODE/js-tictactoe-rails-api-v-000/tmpTestSupport/jasmine.js:506:11
run@file:///Users/Alex/Desktop/CODE/js-tictactoe-rails-api-v-000/tmpTestSupport/jasmine.js:1505:22
execute@file:///Users/Alex/Desktop/CODE/js-tictactoe-rails-api-v-000/tmpTestSupport/jasmine.js:1485:13
queueRunnerFactory@file:///Users/Alex/Desktop/CODE/js-tictactoe-rails-api-v-000/tmpTestSupport/jasmine.js:518:42
execute@file:///Users/Alex/Desktop/CODE/js-tictactoe-rails-api-v-000/tmpTestSupport/jasmine.js:306:28
file:///Users/Alex/Desktop/CODE/js-tictactoe-rails-api-v-000/tmpTestSupport/jasmine.js:1708:44
attemptAsync@file:///Users/Alex/Desktop/CODE/js-tictactoe-rails-api-v-000/tmpTestSupport/jasmine.js:1520:16
run@file:///Users/Alex/Desktop/CODE/js-tictactoe-rails-api-v-000/tmpTestSupport/jasmine.js:1496:28
next@file:///Users/Alex/Desktop/CODE/js-tictactoe-rails-api-v-000/tmpTestSupport/jasmine.js:1517:40
complete@file:///Users/Alex/Desktop/CODE/js-tictactoe-rails-api-v-000/tmpTestSupport/jasmine.js:333:19			</failure>
		</testcase>
		<testcase classname="#integration tests of persistence" name="if i play a game it should autosave and start a new game" time="0.001">
			<failure type="" message="ReferenceError: Can&amp;apos;t find variable: attachListeners in file:///Users/Alex/Desktop/CODE/js-tictactoe-rails-api-v-000/spec/tictactoe.spec.js (line 390)">
file:///Users/Alex/Desktop/CODE/js-tictactoe-rails-api-v-000/spec/tictactoe.spec.js:390:20
attemptSync@file:///Users/Alex/Desktop/CODE/js-tictactoe-rails-api-v-000/tmpTestSupport/jasmine.js:1510:16
run@file:///Users/Alex/Desktop/CODE/js-tictactoe-rails-api-v-000/tmpTestSupport/jasmine.js:1498:20
execute@file:///Users/Alex/Desktop/CODE/js-tictactoe-rails-api-v-000/tmpTestSupport/jasmine.js:1485:13
queueRunnerFactory@file:///Users/Alex/Desktop/CODE/js-tictactoe-rails-api-v-000/tmpTestSupport/jasmine.js:518:42
execute@file:///Users/Alex/Desktop/CODE/js-tictactoe-rails-api-v-000/tmpTestSupport/jasmine.js:306:28
file:///Users/Alex/Desktop/CODE/js-tictactoe-rails-api-v-000/tmpTestSupport/jasmine.js:1708:44
attemptAsync@file:///Users/Alex/Desktop/CODE/js-tictactoe-rails-api-v-000/tmpTestSupport/jasmine.js:1520:16
run@file:///Users/Alex/Desktop/CODE/js-tictactoe-rails-api-v-000/tmpTestSupport/jasmine.js:1496:28
next@file:///Users/Alex/Desktop/CODE/js-tictactoe-rails-api-v-000/tmpTestSupport/jasmine.js:1517:40
complete@file:///Users/Alex/Desktop/CODE/js-tictactoe-rails-api-v-000/tmpTestSupport/jasmine.js:333:19
clearStack@file:///Users/Alex/Desktop/CODE/js-tictactoe-rails-api-v-000/tmpTestSupport/jasmine.js:506:11
run@file:///Users/Alex/Desktop/CODE/js-tictactoe-rails-api-v-000/tmpTestSupport/jasmine.js:1505:22
execute@file:///Users/Alex/Desktop/CODE/js-tictactoe-rails-api-v-000/tmpTestSupport/jasmine.js:1485:13
queueRunnerFactory@file:///Users/Alex/Desktop/CODE/js-tictactoe-rails-api-v-000/tmpTestSupport/jasmine.js:518:42
execute@file:///Users/Alex/Desktop/CODE/js-tictactoe-rails-api-v-000/tmpTestSupport/jasmine.js:306:28
file:///Users/Alex/Desktop/CODE/js-tictactoe-rails-api-v-000/tmpTestSupport/jasmine.js:1708:44
attemptAsync@file:///Users/Alex/Desktop/CODE/js-tictactoe-rails-api-v-000/tmpTestSupport/jasmine.js:1520:16
run@file:///Users/Alex/Desktop/CODE/js-tictactoe-rails-api-v-000/tmpTestSupport/jasmine.js:1496:28
next@file:///Users/Alex/Desktop/CODE/js-tictactoe-rails-api-v-000/tmpTestSupport/jasmine.js:1517:40
complete@file:///Users/Alex/Desktop/CODE/js-tictactoe-rails-api-v-000/tmpTestSupport/jasmine.js:333:19
clearStack@file:///Users/Alex/Desktop/CODE/js-tictactoe-rails-api-v-000/tmpTestSupport/jasmine.js:506:11
run@file:///Users/Alex/Desktop/CODE/js-tictactoe-rails-api-v-000/tmpTestSupport/jasmine.js:1505:22
execute@file:///Users/Alex/Desktop/CODE/js-tictactoe-rails-api-v-000/tmpTestSupport/jasmine.js:1485:13
queueRunnerFactory@file:///Users/Alex/Desktop/CODE/js-tictactoe-rails-api-v-000/tmpTestSupport/jasmine.js:518:42
execute@file:///Users/Alex/Desktop/CODE/js-tictactoe-rails-api-v-000/tmpTestSupport/jasmine.js:306:28
file:///Users/Alex/Desktop/CODE/js-tictactoe-rails-api-v-000/tmpTestSupport/jasmine.js:1708:44
attemptAsync@file:///Users/Alex/Desktop/CODE/js-tictactoe-rails-api-v-000/tmpTestSupport/jasmine.js:1520:16
run@file:///Users/Alex/Desktop/CODE/js-tictactoe-rails-api-v-000/tmpTestSupport/jasmine.js:1496:28
next@file:///Users/Alex/Desktop/CODE/js-tictactoe-rails-api-v-000/tmpTestSupport/jasmine.js:1517:40
complete@file:///Users/Alex/Desktop/CODE/js-tictactoe-rails-api-v-000/tmpTestSupport/jasmine.js:333:19
clearStack@file:///Users/Alex/Desktop/CODE/js-tictactoe-rails-api-v-000/tmpTestSupport/jasmine.js:506:11
run@file:///Users/Alex/Desktop/CODE/js-tictactoe-rails-api-v-000/tmpTestSupport/jasmine.js:1505:22
execute@file:///Users/Alex/Desktop/CODE/js-tictactoe-rails-api-v-000/tmpTestSupport/jasmine.js:1485:13
queueRunnerFactory@file:///Users/Alex/Desktop/CODE/js-tictactoe-rails-api-v-000/tmpTestSupport/jasmine.js:518:42
execute@file:///Users/Alex/Desktop/CODE/js-tictactoe-rails-api-v-000/tmpTestSupport/jasmine.js:306:28
file:///Users/Alex/Desktop/CODE/js-tictactoe-rails-api-v-000/tmpTestSupport/jasmine.js:1708:44
attemptAsync@file:///Users/Alex/Desktop/CODE/js-tictactoe-rails-api-v-000/tmpTestSupport/jasmine.js:1520:16
run@file:///Users/Alex/Desktop/CODE/js-tictactoe-rails-api-v-000/tmpTestSupport/jasmine.js:1496:28
next@file:///Users/Alex/Desktop/CODE/js-tictactoe-rails-api-v-000/tmpTestSupport/jasmine.js:1517:40
complete@file:///Users/Alex/Desktop/CODE/js-tictactoe-rails-api-v-000/tmpTestSupport/jasmine.js:333:19
clearStack@file:///Users/Alex/Desktop/CODE/js-tictactoe-rails-api-v-000/tmpTestSupport/jasmine.js:506:11
run@file:///Users/Alex/Desktop/CODE/js-tictactoe-rails-api-v-000/tmpTestSupport/jasmine.js:1505:22
execute@file:///Users/Alex/Desktop/CODE/js-tictactoe-rails-api-v-000/tmpTestSupport/jasmine.js:1485:13
queueRunnerFactory@file:///Users/Alex/Desktop/CODE/js-tictactoe-rails-api-v-000/tmpTestSupport/jasmine.js:518:42
execute@file:///Users/Alex/Desktop/CODE/js-tictactoe-rails-api-v-000/tmpTestSupport/jasmine.js:306:28
file:///Users/Alex/Desktop/CODE/js-tictactoe-rails-api-v-000/tmpTestSupport/jasmine.js:1708:44
attemptAsync@file:///Users/Alex/Desktop/CODE/js-tictactoe-rails-api-v-000/tmpTestSupport/jasmine.js:1520:16
run@file:///Users/Alex/Desktop/CODE/js-tictactoe-rails-api-v-000/tmpTestSupport/jasmine.js:1496:28
next@file:///Users/Alex/Desktop/CODE/js-tictactoe-rails-api-v-000/tmpTestSupport/jasmine.js:1517:40
complete@file:///Users/Alex/Desktop/CODE/js-tictactoe-rails-api-v-000/tmpTestSupport/jasmine.js:333:19
clearStack@file:///Users/Alex/Desktop/CODE/js-tictactoe-rails-api-v-000/tmpTestSupport/jasmine.js:506:11
run@file:///Users/Alex/Desktop/CODE/js-tictactoe-rails-api-v-000/tmpTestSupport/jasmine.js:1505:22
execute@file:///Users/Alex/Desktop/CODE/js-tictactoe-rails-api-v-000/tmpTestSupport/jasmine.js:1485:13
queueRunnerFactory@file:///Users/Alex/Desktop/CODE/js-tictactoe-rails-api-v-000/tmpTestSupport/jasmine.js:518:42
execute@file:///Users/Alex/Desktop/CODE/js-tictactoe-rails-api-v-000/tmpTestSupport/jasmine.js:306:28
file:///Users/Alex/Desktop/CODE/js-tictactoe-rails-api-v-000/tmpTestSupport/jasmine.js:1708:44
attemptAsync@file:///Users/Alex/Desktop/CODE/js-tictactoe-rails-api-v-000/tmpTestSupport/jasmine.js:1520:16
run@file:///Users/Alex/Desktop/CODE/js-tictactoe-rails-api-v-000/tmpTestSupport/jasmine.js:1496:28
next@file:///Users/Alex/Desktop/CODE/js-tictactoe-rails-api-v-000/tmpTestSupport/jasmine.js:1517:40
complete@file:///Users/Alex/Desktop/CODE/js-tictactoe-rails-api-v-000/tmpTestSupport/jasmine.js:333:19
clearStack@file:///Users/Alex/Desktop/CODE/js-tictactoe-rails-api-v-000/tmpTestSupport/jasmine.js:506:11
run@file:///Users/Alex/Desktop/CODE/js-tictactoe-rails-api-v-000/tmpTestSupport/jasmine.js:1505:22
execute@file:///Users/Alex/Desktop/CODE/js-tictactoe-rails-api-v-000/tmpTestSupport/jasmine.js:1485:13
queueRunnerFactory@file:///Users/Alex/Desktop/CODE/js-tictactoe-rails-api-v-000/tmpTestSupport/jasmine.js:518:42
execute@file:///Users/Alex/Desktop/CODE/js-tictactoe-rails-api-v-000/tmpTestSupport/jasmine.js:306:28
file:///Users/Alex/Desktop/CODE/js-tictactoe-rails-api-v-000/tmpTestSupport/jasmine.js:1708:44
attemptAsync@file:///Users/Alex/Desktop/CODE/js-tictactoe-rails-api-v-000/tmpTestSupport/jasmine.js:1520:16
run@file:///Users/Alex/Desktop/CODE/js-tictactoe-rails-api-v-000/tmpTestSupport/jasmine.js:1496:28
next@file:///Users/Alex/Desktop/CODE/js-tictactoe-rails-api-v-000/tmpTestSupport/jasmine.js:1517:40
complete@file:///Users/Alex/Desktop/CODE/js-tictactoe-rails-api-v-000/tmpTestSupport/jasmine.js:333:19
clearStack@file:///Users/Alex/Desktop/CODE/js-tictactoe-rails-api-v-000/tmpTestSupport/jasmine.js:506:11
run@file:///Users/Alex/Desktop/CODE/js-tictactoe-rails-api-v-000/tmpTestSupport/jasmine.js:1505:22
execute@file:///Users/Alex/Desktop/CODE/js-tictactoe-rails-api-v-000/tmpTestSupport/jasmine.js:1485:13
queueRunnerFactory@file:///Users/Alex/Desktop/CODE/js-tictactoe-rails-api-v-000/tmpTestSupport/jasmine.js:518:42
execute@file:///Users/Alex/Desktop/CODE/js-tictactoe-rails-api-v-000/tmpTestSupport/jasmine.js:306:28
file:///Users/Alex/Desktop/CODE/js-tictactoe-rails-api-v-000/tmpTestSupport/jasmine.js:1708:44
attemptAsync@file:///Users/Alex/Desktop/CODE/js-tictactoe-rails-api-v-000/tmpTestSupport/jasmine.js:1520:16
run@file:///Users/Alex/Desktop/CODE/js-tictactoe-rails-api-v-000/tmpTestSupport/jasmine.js:1496:28
execute@file:///Users/Alex/Desktop/CODE/js-tictactoe-rails-api-v-000/tmpTestSupport/jasmine.js:1485:13
queueRunnerFactory@file:///Users/Alex/Desktop/CODE/js-tictactoe-rails-api-v-000/tmpTestSupport/jasmine.js:518:42
execute@file:///Users/Alex/Desktop/CODE/js-tictactoe-rails-api-v-000/tmpTestSupport/jasmine.js:1694:21
file:///Users/Alex/Desktop/CODE/js-tictactoe-rails-api-v-000/tmpTestSupport/jasmine.js:1708:44
attemptAsync@file:///Users/Alex/Desktop/CODE/js-tictactoe-rails-api-v-000/tmpTestSupport/jasmine.js:1520:16
run@file:///Users/Alex/Desktop/CODE/js-tictactoe-rails-api-v-000/tmpTestSupport/jasmine.js:1496:28
next@file:///Users/Alex/Desktop/CODE/js-tictactoe-rails-api-v-000/tmpTestSupport/jasmine.js:1517:40
complete@file:///Users/Alex/Desktop/CODE/js-tictactoe-rails-api-v-000/tmpTestSupport/jasmine.js:1703:19
clearStack@file:///Users/Alex/Desktop/CODE/js-tictactoe-rails-api-v-000/tmpTestSupport/jasmine.js:506:11
run@file:///Users/Alex/Desktop/CODE/js-tictactoe-rails-api-v-000/tmpTestSupport/jasmine.js:1505:22
next@file:///Users/Alex/Desktop/CODE/js-tictactoe-rails-api-v-000/tmpTestSupport/jasmine.js:1517:40
complete@file:///Users/Alex/Desktop/CODE/js-tictactoe-rails-api-v-000/tmpTestSupport/jasmine.js:1703:19
clearStack@file:///Users/Alex/Desktop/CODE/js-tictactoe-rails-api-v-000/tmpTestSupport/jasmine.js:506:11
run@file:///Users/Alex/Desktop/CODE/js-tictactoe-rails-api-v-000/tmpTestSupport/jasmine.js:1505:22
next@file:///Users/Alex/Desktop/CODE/js-tictactoe-rails-api-v-000/tmpTestSupport/jasmine.js:1517:40
complete@file:///Users/Alex/Desktop/CODE/js-tictactoe-rails-api-v-000/tmpTestSupport/jasmine.js:333:19
clearStack@file:///Users/Alex/Desktop/CODE/js-tictactoe-rails-api-v-000/tmpTestSupport/jasmine.js:506:11
run@file:///Users/Alex/Desktop/CODE/js-tictactoe-rails-api-v-000/tmpTestSupport/jasmine.js:1505:22
execute@file:///Users/Alex/Desktop/CODE/js-tictactoe-rails-api-v-000/tmpTestSupport/jasmine.js:1485:13
queueRunnerFactory@file:///Users/Alex/Desktop/CODE/js-tictactoe-rails-api-v-000/tmpTestSupport/jasmine.js:518:42
execute@file:///Users/Alex/Desktop/CODE/js-tictactoe-rails-api-v-000/tmpTestSupport/jasmine.js:306:28
file:///Users/Alex/Desktop/CODE/js-tictactoe-rails-api-v-000/tmpTestSupport/jasmine.js:1708:44
attemptAsync@file:///Users/Alex/Desktop/CODE/js-tictactoe-rails-api-v-000/tmpTestSupport/jasmine.js:1520:16
run@file:///Users/Alex/Desktop/CODE/js-tictactoe-rails-api-v-000/tmpTestSupport/jasmine.js:1496:28
next@file:///Users/Alex/Desktop/CODE/js-tictactoe-rails-api-v-000/tmpTestSupport/jasmine.js:1517:40
complete@file:///Users/Alex/Desktop/CODE/js-tictactoe-rails-api-v-000/tmpTestSupport/jasmine.js:333:19			</failure>
		</testcase>
		<testcase classname="#integration tests of persistence" name="if should be able to switch to an old game" time="0.001">
			<failure type="" message="ReferenceError: Can&amp;apos;t find variable: attachListeners in file:///Users/Alex/Desktop/CODE/js-tictactoe-rails-api-v-000/spec/tictactoe.spec.js (line 435)">
file:///Users/Alex/Desktop/CODE/js-tictactoe-rails-api-v-000/spec/tictactoe.spec.js:435:20
attemptSync@file:///Users/Alex/Desktop/CODE/js-tictactoe-rails-api-v-000/tmpTestSupport/jasmine.js:1510:16
run@file:///Users/Alex/Desktop/CODE/js-tictactoe-rails-api-v-000/tmpTestSupport/jasmine.js:1498:20
execute@file:///Users/Alex/Desktop/CODE/js-tictactoe-rails-api-v-000/tmpTestSupport/jasmine.js:1485:13
queueRunnerFactory@file:///Users/Alex/Desktop/CODE/js-tictactoe-rails-api-v-000/tmpTestSupport/jasmine.js:518:42
execute@file:///Users/Alex/Desktop/CODE/js-tictactoe-rails-api-v-000/tmpTestSupport/jasmine.js:306:28
file:///Users/Alex/Desktop/CODE/js-tictactoe-rails-api-v-000/tmpTestSupport/jasmine.js:1708:44
attemptAsync@file:///Users/Alex/Desktop/CODE/js-tictactoe-rails-api-v-000/tmpTestSupport/jasmine.js:1520:16
run@file:///Users/Alex/Desktop/CODE/js-tictactoe-rails-api-v-000/tmpTestSupport/jasmine.js:1496:28
next@file:///Users/Alex/Desktop/CODE/js-tictactoe-rails-api-v-000/tmpTestSupport/jasmine.js:1517:40
complete@file:///Users/Alex/Desktop/CODE/js-tictactoe-rails-api-v-000/tmpTestSupport/jasmine.js:333:19
clearStack@file:///Users/Alex/Desktop/CODE/js-tictactoe-rails-api-v-000/tmpTestSupport/jasmine.js:506:11
run@file:///Users/Alex/Desktop/CODE/js-tictactoe-rails-api-v-000/tmpTestSupport/jasmine.js:1505:22
execute@file:///Users/Alex/Desktop/CODE/js-tictactoe-rails-api-v-000/tmpTestSupport/jasmine.js:1485:13
queueRunnerFactory@file:///Users/Alex/Desktop/CODE/js-tictactoe-rails-api-v-000/tmpTestSupport/jasmine.js:518:42
execute@file:///Users/Alex/Desktop/CODE/js-tictactoe-rails-api-v-000/tmpTestSupport/jasmine.js:306:28
file:///Users/Alex/Desktop/CODE/js-tictactoe-rails-api-v-000/tmpTestSupport/jasmine.js:1708:44
attemptAsync@file:///Users/Alex/Desktop/CODE/js-tictactoe-rails-api-v-000/tmpTestSupport/jasmine.js:1520:16
run@file:///Users/Alex/Desktop/CODE/js-tictactoe-rails-api-v-000/tmpTestSupport/jasmine.js:1496:28
next@file:///Users/Alex/Desktop/CODE/js-tictactoe-rails-api-v-000/tmpTestSupport/jasmine.js:1517:40
complete@file:///Users/Alex/Desktop/CODE/js-tictactoe-rails-api-v-000/tmpTestSupport/jasmine.js:333:19
clearStack@file:///Users/Alex/Desktop/CODE/js-tictactoe-rails-api-v-000/tmpTestSupport/jasmine.js:506:11
run@file:///Users/Alex/Desktop/CODE/js-tictactoe-rails-api-v-000/tmpTestSupport/jasmine.js:1505:22
execute@file:///Users/Alex/Desktop/CODE/js-tictactoe-rails-api-v-000/tmpTestSupport/jasmine.js:1485:13
queueRunnerFactory@file:///Users/Alex/Desktop/CODE/js-tictactoe-rails-api-v-000/tmpTestSupport/jasmine.js:518:42
execute@file:///Users/Alex/Desktop/CODE/js-tictactoe-rails-api-v-000/tmpTestSupport/jasmine.js:306:28
file:///Users/Alex/Desktop/CODE/js-tictactoe-rails-api-v-000/tmpTestSupport/jasmine.js:1708:44
attemptAsync@file:///Users/Alex/Desktop/CODE/js-tictactoe-rails-api-v-000/tmpTestSupport/jasmine.js:1520:16
run@file:///Users/Alex/Desktop/CODE/js-tictactoe-rails-api-v-000/tmpTestSupport/jasmine.js:1496:28
next@file:///Users/Alex/Desktop/CODE/js-tictactoe-rails-api-v-000/tmpTestSupport/jasmine.js:1517:40
complete@file:///Users/Alex/Desktop/CODE/js-tictactoe-rails-api-v-000/tmpTestSupport/jasmine.js:333:19
clearStack@file:///Users/Alex/Desktop/CODE/js-tictactoe-rails-api-v-000/tmpTestSupport/jasmine.js:506:11
run@file:///Users/Alex/Desktop/CODE/js-tictactoe-rails-api-v-000/tmpTestSupport/jasmine.js:1505:22
execute@file:///Users/Alex/Desktop/CODE/js-tictactoe-rails-api-v-000/tmpTestSupport/jasmine.js:1485:13
queueRunnerFactory@file:///Users/Alex/Desktop/CODE/js-tictactoe-rails-api-v-000/tmpTestSupport/jasmine.js:518:42
execute@file:///Users/Alex/Desktop/CODE/js-tictactoe-rails-api-v-000/tmpTestSupport/jasmine.js:306:28
file:///Users/Alex/Desktop/CODE/js-tictactoe-rails-api-v-000/tmpTestSupport/jasmine.js:1708:44
attemptAsync@file:///Users/Alex/Desktop/CODE/js-tictactoe-rails-api-v-000/tmpTestSupport/jasmine.js:1520:16
run@file:///Users/Alex/Desktop/CODE/js-tictactoe-rails-api-v-000/tmpTestSupport/jasmine.js:1496:28
next@file:///Users/Alex/Desktop/CODE/js-tictactoe-rails-api-v-000/tmpTestSupport/jasmine.js:1517:40
complete@file:///Users/Alex/Desktop/CODE/js-tictactoe-rails-api-v-000/tmpTestSupport/jasmine.js:333:19
clearStack@file:///Users/Alex/Desktop/CODE/js-tictactoe-rails-api-v-000/tmpTestSupport/jasmine.js:506:11
run@file:///Users/Alex/Desktop/CODE/js-tictactoe-rails-api-v-000/tmpTestSupport/jasmine.js:1505:22
execute@file:///Users/Alex/Desktop/CODE/js-tictactoe-rails-api-v-000/tmpTestSupport/jasmine.js:1485:13
queueRunnerFactory@file:///Users/Alex/Desktop/CODE/js-tictactoe-rails-api-v-000/tmpTestSupport/jasmine.js:518:42
execute@file:///Users/Alex/Desktop/CODE/js-tictactoe-rails-api-v-000/tmpTestSupport/jasmine.js:306:28
file:///Users/Alex/Desktop/CODE/js-tictactoe-rails-api-v-000/tmpTestSupport/jasmine.js:1708:44
attemptAsync@file:///Users/Alex/Desktop/CODE/js-tictactoe-rails-api-v-000/tmpTestSupport/jasmine.js:1520:16
run@file:///Users/Alex/Desktop/CODE/js-tictactoe-rails-api-v-000/tmpTestSupport/jasmine.js:1496:28
next@file:///Users/Alex/Desktop/CODE/js-tictactoe-rails-api-v-000/tmpTestSupport/jasmine.js:1517:40
complete@file:///Users/Alex/Desktop/CODE/js-tictactoe-rails-api-v-000/tmpTestSupport/jasmine.js:333:19
clearStack@file:///Users/Alex/Desktop/CODE/js-tictactoe-rails-api-v-000/tmpTestSupport/jasmine.js:506:11
run@file:///Users/Alex/Desktop/CODE/js-tictactoe-rails-api-v-000/tmpTestSupport/jasmine.js:1505:22
execute@file:///Users/Alex/Desktop/CODE/js-tictactoe-rails-api-v-000/tmpTestSupport/jasmine.js:1485:13
queueRunnerFactory@file:///Users/Alex/Desktop/CODE/js-tictactoe-rails-api-v-000/tmpTestSupport/jasmine.js:518:42
execute@file:///Users/Alex/Desktop/CODE/js-tictactoe-rails-api-v-000/tmpTestSupport/jasmine.js:306:28
file:///Users/Alex/Desktop/CODE/js-tictactoe-rails-api-v-000/tmpTestSupport/jasmine.js:1708:44
attemptAsync@file:///Users/Alex/Desktop/CODE/js-tictactoe-rails-api-v-000/tmpTestSupport/jasmine.js:1520:16
run@file:///Users/Alex/Desktop/CODE/js-tictactoe-rails-api-v-000/tmpTestSupport/jasmine.js:1496:28
next@file:///Users/Alex/Desktop/CODE/js-tictactoe-rails-api-v-000/tmpTestSupport/jasmine.js:1517:40
complete@file:///Users/Alex/Desktop/CODE/js-tictactoe-rails-api-v-000/tmpTestSupport/jasmine.js:333:19
clearStack@file:///Users/Alex/Desktop/CODE/js-tictactoe-rails-api-v-000/tmpTestSupport/jasmine.js:506:11
run@file:///Users/Alex/Desktop/CODE/js-tictactoe-rails-api-v-000/tmpTestSupport/jasmine.js:1505:22
execute@file:///Users/Alex/Desktop/CODE/js-tictactoe-rails-api-v-000/tmpTestSupport/jasmine.js:1485:13
queueRunnerFactory@file:///Users/Alex/Desktop/CODE/js-tictactoe-rails-api-v-000/tmpTestSupport/jasmine.js:518:42
execute@file:///Users/Alex/Desktop/CODE/js-tictactoe-rails-api-v-000/tmpTestSupport/jasmine.js:306:28
file:///Users/Alex/Desktop/CODE/js-tictactoe-rails-api-v-000/tmpTestSupport/jasmine.js:1708:44
attemptAsync@file:///Users/Alex/Desktop/CODE/js-tictactoe-rails-api-v-000/tmpTestSupport/jasmine.js:1520:16
run@file:///Users/Alex/Desktop/CODE/js-tictactoe-rails-api-v-000/tmpTestSupport/jasmine.js:1496:28
next@file:///Users/Alex/Desktop/CODE/js-tictactoe-rails-api-v-000/tmpTestSupport/jasmine.js:1517:40
complete@file:///Users/Alex/Desktop/CODE/js-tictactoe-rails-api-v-000/tmpTestSupport/jasmine.js:333:19
clearStack@file:///Users/Alex/Desktop/CODE/js-tictactoe-rails-api-v-000/tmpTestSupport/jasmine.js:506:11
run@file:///Users/Alex/Desktop/CODE/js-tictactoe-rails-api-v-000/tmpTestSupport/jasmine.js:1505:22
execute@file:///Users/Alex/Desktop/CODE/js-tictactoe-rails-api-v-000/tmpTestSupport/jasmine.js:1485:13
queueRunnerFactory@file:///Users/Alex/Desktop/CODE/js-tictactoe-rails-api-v-000/tmpTestSupport/jasmine.js:518:42
execute@file:///Users/Alex/Desktop/CODE/js-tictactoe-rails-api-v-000/tmpTestSupport/jasmine.js:306:28
file:///Users/Alex/Desktop/CODE/js-tictactoe-rails-api-v-000/tmpTestSupport/jasmine.js:1708:44
attemptAsync@file:///Users/Alex/Desktop/CODE/js-tictactoe-rails-api-v-000/tmpTestSupport/jasmine.js:1520:16
run@file:///Users/Alex/Desktop/CODE/js-tictactoe-rails-api-v-000/tmpTestSupport/jasmine.js:1496:28
next@file:///Users/Alex/Desktop/CODE/js-tictactoe-rails-api-v-000/tmpTestSupport/jasmine.js:1517:40
complete@file:///Users/Alex/Desktop/CODE/js-tictactoe-rails-api-v-000/tmpTestSupport/jasmine.js:333:19
clearStack@file:///Users/Alex/Desktop/CODE/js-tictactoe-rails-api-v-000/tmpTestSupport/jasmine.js:506:11
run@file:///Users/Alex/Desktop/CODE/js-tictactoe-rails-api-v-000/tmpTestSupport/jasmine.js:1505:22
execute@file:///Users/Alex/Desktop/CODE/js-tictactoe-rails-api-v-000/tmpTestSupport/jasmine.js:1485:13
queueRunnerFactory@file:///Users/Alex/Desktop/CODE/js-tictactoe-rails-api-v-000/tmpTestSupport/jasmine.js:518:42
execute@file:///Users/Alex/Desktop/CODE/js-tictactoe-rails-api-v-000/tmpTestSupport/jasmine.js:306:28
file:///Users/Alex/Desktop/CODE/js-tictactoe-rails-api-v-000/tmpTestSupport/jasmine.js:1708:44
attemptAsync@file:///Users/Alex/Desktop/CODE/js-tictactoe-rails-api-v-000/tmpTestSupport/jasmine.js:1520:16
run@file:///Users/Alex/Desktop/CODE/js-tictactoe-rails-api-v-000/tmpTestSupport/jasmine.js:1496:28
execute@file:///Users/Alex/Desktop/CODE/js-tictactoe-rails-api-v-000/tmpTestSupport/jasmine.js:1485:13
queueRunnerFactory@file:///Users/Alex/Desktop/CODE/js-tictactoe-rails-api-v-000/tmpTestSupport/jasmine.js:518:42
execute@file:///Users/Alex/Desktop/CODE/js-tictactoe-rails-api-v-000/tmpTestSupport/jasmine.js:1694:21
file:///Users/Alex/Desktop/CODE/js-tictactoe-rails-api-v-000/tmpTestSupport/jasmine.js:1708:44
attemptAsync@file:///Users/Alex/Desktop/CODE/js-tictactoe-rails-api-v-000/tmpTestSupport/jasmine.js:1520:16
run@file:///Users/Alex/Desktop/CODE/js-tictactoe-rails-api-v-000/tmpTestSupport/jasmine.js:1496:28
next@file:///Users/Alex/Desktop/CODE/js-tictactoe-rails-api-v-000/tmpTestSupport/jasmine.js:1517:40
complete@file:///Users/Alex/Desktop/CODE/js-tictactoe-rails-api-v-000/tmpTestSupport/jasmine.js:1703:19
clearStack@file:///Users/Alex/Desktop/CODE/js-tictactoe-rails-api-v-000/tmpTestSupport/jasmine.js:506:11
run@file:///Users/Alex/Desktop/CODE/js-tictactoe-rails-api-v-000/tmpTestSupport/jasmine.js:1505:22
next@file:///Users/Alex/Desktop/CODE/js-tictactoe-rails-api-v-000/tmpTestSupport/jasmine.js:1517:40
complete@file:///Users/Alex/Desktop/CODE/js-tictactoe-rails-api-v-000/tmpTestSupport/jasmine.js:1703:19
clearStack@file:///Users/Alex/Desktop/CODE/js-tictactoe-rails-api-v-000/tmpTestSupport/jasmine.js:506:11
run@file:///Users/Alex/Desktop/CODE/js-tictactoe-rails-api-v-000/tmpTestSupport/jasmine.js:1505:22
next@file:///Users/Alex/Desktop/CODE/js-tictactoe-rails-api-v-000/tmpTestSupport/jasmine.js:1517:40
complete@file:///Users/Alex/Desktop/CODE/js-tictactoe-rails-api-v-000/tmpTestSupport/jasmine.js:333:19
clearStack@file:///Users/Alex/Desktop/CODE/js-tictactoe-rails-api-v-000/tmpTestSupport/jasmine.js:506:11
run@file:///Users/Alex/Desktop/CODE/js-tictactoe-rails-api-v-000/tmpTestSupport/jasmine.js:1505:22
execute@file:///Users/Alex/Desktop/CODE/js-tictactoe-rails-api-v-000/tmpTestSupport/jasmine.js:1485:13
queueRunnerFactory@file:///Users/Alex/Desktop/CODE/js-tictactoe-rails-api-v-000/tmpTestSupport/jasmine.js:518:42
execute@file:///Users/Alex/Desktop/CODE/js-tictactoe-rails-api-v-000/tmpTestSupport/jasmine.js:306:28
file:///Users/Alex/Desktop/CODE/js-tictactoe-rails-api-v-000/tmpTestSupport/jasmine.js:1708:44
attemptAsync@file:///Users/Alex/Desktop/CODE/js-tictactoe-rails-api-v-000/tmpTestSupport/jasmine.js:1520:16
run@file:///Users/Alex/Desktop/CODE/js-tictactoe-rails-api-v-000/tmpTestSupport/jasmine.js:1496:28
next@file:///Users/Alex/Desktop/CODE/js-tictactoe-rails-api-v-000/tmpTestSupport/jasmine.js:1517:40
complete@file:///Users/Alex/Desktop/CODE/js-tictactoe-rails-api-v-000/tmpTestSupport/jasmine.js:333:19			</failure>
		</testcase>
	</testsuite>
</testsuites>

