<?xml version="1.0" encoding="UTF-8"?>
<testsuites>
	<testsuite tests="9" errors="0" failures="3" time="0.037" timestamp="2016-08-25T13:06:33">
		<testcase classname="#integration tests of persistence" name="if i click the getAllGames button it should send a get request to /games" time="0.002">
		</testcase>
		<testcase classname="#integration tests of persistence" name="if i click the save game button it should post to /games" time="0.001">
		</testcase>
		<testcase classname="#integration tests of persistence" name="if i click the save game button a second time it should send a PATCH to /games/:id" time="0.004">
			<failure type="toBe" message="Expected &amp;apos;/games&amp;apos; to be &amp;apos;/games/1&amp;apos;.">
stack@file:///home/pvasireddy/Desktop/repos/js-tictactoe-rails-api-v-000/tmpTestSupport/jasmine.js:1293:37
buildExpectationResult@file:///home/pvasireddy/Desktop/repos/js-tictactoe-rails-api-v-000/tmpTestSupport/jasmine.js:1270:19
expectationResultFactory@file:///home/pvasireddy/Desktop/repos/js-tictactoe-rails-api-v-000/tmpTestSupport/jasmine.js:484:40
addExpectationResult@file:///home/pvasireddy/Desktop/repos/js-tictactoe-rails-api-v-000/tmpTestSupport/jasmine.js:260:70
addExpectationResult@file:///home/pvasireddy/Desktop/repos/js-tictactoe-rails-api-v-000/tmpTestSupport/jasmine.js:442:41
file:///home/pvasireddy/Desktop/repos/js-tictactoe-rails-api-v-000/tmpTestSupport/jasmine.js:1209:32
file:///home/pvasireddy/Desktop/repos/js-tictactoe-rails-api-v-000/spec/tictactoe.spec.js:280:31
withMock@file:///home/pvasireddy/Desktop/repos/js-tictactoe-rails-api-v-000/spec/lib/mock-ajax.js:499:24
file:///home/pvasireddy/Desktop/repos/js-tictactoe-rails-api-v-000/spec/tictactoe.spec.js:264:26
attemptSync@file:///home/pvasireddy/Desktop/repos/js-tictactoe-rails-api-v-000/tmpTestSupport/jasmine.js:1510:16
run@file:///home/pvasireddy/Desktop/repos/js-tictactoe-rails-api-v-000/tmpTestSupport/jasmine.js:1498:20
execute@file:///home/pvasireddy/Desktop/repos/js-tictactoe-rails-api-v-000/tmpTestSupport/jasmine.js:1485:13
queueRunnerFactory@file:///home/pvasireddy/Desktop/repos/js-tictactoe-rails-api-v-000/tmpTestSupport/jasmine.js:518:42
execute@file:///home/pvasireddy/Desktop/repos/js-tictactoe-rails-api-v-000/tmpTestSupport/jasmine.js:306:28
file:///home/pvasireddy/Desktop/repos/js-tictactoe-rails-api-v-000/tmpTestSupport/jasmine.js:1708:44
attemptAsync@file:///home/pvasireddy/Desktop/repos/js-tictactoe-rails-api-v-000/tmpTestSupport/jasmine.js:1520:16
run@file:///home/pvasireddy/Desktop/repos/js-tictactoe-rails-api-v-000/tmpTestSupport/jasmine.js:1496:28
next@file:///home/pvasireddy/Desktop/repos/js-tictactoe-rails-api-v-000/tmpTestSupport/jasmine.js:1517:40
complete@file:///home/pvasireddy/Desktop/repos/js-tictactoe-rails-api-v-000/tmpTestSupport/jasmine.js:333:19
clearStack@file:///home/pvasireddy/Desktop/repos/js-tictactoe-rails-api-v-000/tmpTestSupport/jasmine.js:506:11
run@file:///home/pvasireddy/Desktop/repos/js-tictactoe-rails-api-v-000/tmpTestSupport/jasmine.js:1505:22
execute@file:///home/pvasireddy/Desktop/repos/js-tictactoe-rails-api-v-000/tmpTestSupport/jasmine.js:1485:13
queueRunnerFactory@file:///home/pvasireddy/Desktop/repos/js-tictactoe-rails-api-v-000/tmpTestSupport/jasmine.js:518:42
execute@file:///home/pvasireddy/Desktop/repos/js-tictactoe-rails-api-v-000/tmpTestSupport/jasmine.js:306:28
file:///home/pvasireddy/Desktop/repos/js-tictactoe-rails-api-v-000/tmpTestSupport/jasmine.js:1708:44
attemptAsync@file:///home/pvasireddy/Desktop/repos/js-tictactoe-rails-api-v-000/tmpTestSupport/jasmine.js:1520:16
run@file:///home/pvasireddy/Desktop/repos/js-tictactoe-rails-api-v-000/tmpTestSupport/jasmine.js:1496:28
next@file:///home/pvasireddy/Desktop/repos/js-tictactoe-rails-api-v-000/tmpTestSupport/jasmine.js:1517:40
complete@file:///home/pvasireddy/Desktop/repos/js-tictactoe-rails-api-v-000/tmpTestSupport/jasmine.js:333:19
clearStack@file:///home/pvasireddy/Desktop/repos/js-tictactoe-rails-api-v-000/tmpTestSupport/jasmine.js:506:11
run@file:///home/pvasireddy/Desktop/repos/js-tictactoe-rails-api-v-000/tmpTestSupport/jasmine.js:1505:22
execute@file:///home/pvasireddy/Desktop/repos/js-tictactoe-rails-api-v-000/tmpTestSupport/jasmine.js:1485:13
queueRunnerFactory@file:///home/pvasireddy/Desktop/repos/js-tictactoe-rails-api-v-000/tmpTestSupport/jasmine.js:518:42
execute@file:///home/pvasireddy/Desktop/repos/js-tictactoe-rails-api-v-000/tmpTestSupport/jasmine.js:306:28
file:///home/pvasireddy/Desktop/repos/js-tictactoe-rails-api-v-000/tmpTestSupport/jasmine.js:1708:44
attemptAsync@file:///home/pvasireddy/Desktop/repos/js-tictactoe-rails-api-v-000/tmpTestSupport/jasmine.js:1520:16
run@file:///home/pvasireddy/Desktop/repos/js-tictactoe-rails-api-v-000/tmpTestSupport/jasmine.js:1496:28
execute@file:///home/pvasireddy/Desktop/repos/js-tictactoe-rails-api-v-000/tmpTestSupport/jasmine.js:1485:13
queueRunnerFactory@file:///home/pvasireddy/Desktop/repos/js-tictactoe-rails-api-v-000/tmpTestSupport/jasmine.js:518:42
execute@file:///home/pvasireddy/Desktop/repos/js-tictactoe-rails-api-v-000/tmpTestSupport/jasmine.js:1694:21
file:///home/pvasireddy/Desktop/repos/js-tictactoe-rails-api-v-000/tmpTestSupport/jasmine.js:1708:44
attemptAsync@file:///home/pvasireddy/Desktop/repos/js-tictactoe-rails-api-v-000/tmpTestSupport/jasmine.js:1520:16
run@file:///home/pvasireddy/Desktop/repos/js-tictactoe-rails-api-v-000/tmpTestSupport/jasmine.js:1496:28
next@file:///home/pvasireddy/Desktop/repos/js-tictactoe-rails-api-v-000/tmpTestSupport/jasmine.js:1517:40
complete@file:///home/pvasireddy/Desktop/repos/js-tictactoe-rails-api-v-000/tmpTestSupport/jasmine.js:1703:19
clearStack@file:///home/pvasireddy/Desktop/repos/js-tictactoe-rails-api-v-000/tmpTestSupport/jasmine.js:506:11
run@file:///home/pvasireddy/Desktop/repos/js-tictactoe-rails-api-v-000/tmpTestSupport/jasmine.js:1505:22
next@file:///home/pvasireddy/Desktop/repos/js-tictactoe-rails-api-v-000/tmpTestSupport/jasmine.js:1517:40
complete@file:///home/pvasireddy/Desktop/repos/js-tictactoe-rails-api-v-000/tmpTestSupport/jasmine.js:1703:19
clearStack@file:///home/pvasireddy/Desktop/repos/js-tictactoe-rails-api-v-000/tmpTestSupport/jasmine.js:506:11
run@file:///home/pvasireddy/Desktop/repos/js-tictactoe-rails-api-v-000/tmpTestSupport/jasmine.js:1505:22
next@file:///home/pvasireddy/Desktop/repos/js-tictactoe-rails-api-v-000/tmpTestSupport/jasmine.js:1517:40
complete@file:///home/pvasireddy/Desktop/repos/js-tictactoe-rails-api-v-000/tmpTestSupport/jasmine.js:333:19
clearStack@file:///home/pvasireddy/Desktop/repos/js-tictactoe-rails-api-v-000/tmpTestSupport/jasmine.js:506:11
run@file:///home/pvasireddy/Desktop/repos/js-tictactoe-rails-api-v-000/tmpTestSupport/jasmine.js:1505:22
execute@file:///home/pvasireddy/Desktop/repos/js-tictactoe-rails-api-v-000/tmpTestSupport/jasmine.js:1485:13
queueRunnerFactory@file:///home/pvasireddy/Desktop/repos/js-tictactoe-rails-api-v-000/tmpTestSupport/jasmine.js:518:42
execute@file:///home/pvasireddy/Desktop/repos/js-tictactoe-rails-api-v-000/tmpTestSupport/jasmine.js:306:28
file:///home/pvasireddy/Desktop/repos/js-tictactoe-rails-api-v-000/tmpTestSupport/jasmine.js:1708:44
attemptAsync@file:///home/pvasireddy/Desktop/repos/js-tictactoe-rails-api-v-000/tmpTestSupport/jasmine.js:1520:16
run@file:///home/pvasireddy/Desktop/repos/js-tictactoe-rails-api-v-000/tmpTestSupport/jasmine.js:1496:28
next@file:///home/pvasireddy/Desktop/repos/js-tictactoe-rails-api-v-000/tmpTestSupport/jasmine.js:1517:40
complete@file:///home/pvasireddy/Desktop/repos/js-tictactoe-rails-api-v-000/tmpTestSupport/jasmine.js:333:19			</failure>
			<failure type="toBe" message="Expected &amp;apos;POST&amp;apos; to be &amp;apos;PATCH&amp;apos;.">
stack@file:///home/pvasireddy/Desktop/repos/js-tictactoe-rails-api-v-000/tmpTestSupport/jasmine.js:1293:37
buildExpectationResult@file:///home/pvasireddy/Desktop/repos/js-tictactoe-rails-api-v-000/tmpTestSupport/jasmine.js:1270:19
expectationResultFactory@file:///home/pvasireddy/Desktop/repos/js-tictactoe-rails-api-v-000/tmpTestSupport/jasmine.js:484:40
addExpectationResult@file:///home/pvasireddy/Desktop/repos/js-tictactoe-rails-api-v-000/tmpTestSupport/jasmine.js:260:70
addExpectationResult@file:///home/pvasireddy/Desktop/repos/js-tictactoe-rails-api-v-000/tmpTestSupport/jasmine.js:442:41
file:///home/pvasireddy/Desktop/repos/js-tictactoe-rails-api-v-000/tmpTestSupport/jasmine.js:1209:32
file:///home/pvasireddy/Desktop/repos/js-tictactoe-rails-api-v-000/spec/tictactoe.spec.js:281:34
withMock@file:///home/pvasireddy/Desktop/repos/js-tictactoe-rails-api-v-000/spec/lib/mock-ajax.js:499:24
file:///home/pvasireddy/Desktop/repos/js-tictactoe-rails-api-v-000/spec/tictactoe.spec.js:264:26
attemptSync@file:///home/pvasireddy/Desktop/repos/js-tictactoe-rails-api-v-000/tmpTestSupport/jasmine.js:1510:16
run@file:///home/pvasireddy/Desktop/repos/js-tictactoe-rails-api-v-000/tmpTestSupport/jasmine.js:1498:20
execute@file:///home/pvasireddy/Desktop/repos/js-tictactoe-rails-api-v-000/tmpTestSupport/jasmine.js:1485:13
queueRunnerFactory@file:///home/pvasireddy/Desktop/repos/js-tictactoe-rails-api-v-000/tmpTestSupport/jasmine.js:518:42
execute@file:///home/pvasireddy/Desktop/repos/js-tictactoe-rails-api-v-000/tmpTestSupport/jasmine.js:306:28
file:///home/pvasireddy/Desktop/repos/js-tictactoe-rails-api-v-000/tmpTestSupport/jasmine.js:1708:44
attemptAsync@file:///home/pvasireddy/Desktop/repos/js-tictactoe-rails-api-v-000/tmpTestSupport/jasmine.js:1520:16
run@file:///home/pvasireddy/Desktop/repos/js-tictactoe-rails-api-v-000/tmpTestSupport/jasmine.js:1496:28
next@file:///home/pvasireddy/Desktop/repos/js-tictactoe-rails-api-v-000/tmpTestSupport/jasmine.js:1517:40
complete@file:///home/pvasireddy/Desktop/repos/js-tictactoe-rails-api-v-000/tmpTestSupport/jasmine.js:333:19
clearStack@file:///home/pvasireddy/Desktop/repos/js-tictactoe-rails-api-v-000/tmpTestSupport/jasmine.js:506:11
run@file:///home/pvasireddy/Desktop/repos/js-tictactoe-rails-api-v-000/tmpTestSupport/jasmine.js:1505:22
execute@file:///home/pvasireddy/Desktop/repos/js-tictactoe-rails-api-v-000/tmpTestSupport/jasmine.js:1485:13
queueRunnerFactory@file:///home/pvasireddy/Desktop/repos/js-tictactoe-rails-api-v-000/tmpTestSupport/jasmine.js:518:42
execute@file:///home/pvasireddy/Desktop/repos/js-tictactoe-rails-api-v-000/tmpTestSupport/jasmine.js:306:28
file:///home/pvasireddy/Desktop/repos/js-tictactoe-rails-api-v-000/tmpTestSupport/jasmine.js:1708:44
attemptAsync@file:///home/pvasireddy/Desktop/repos/js-tictactoe-rails-api-v-000/tmpTestSupport/jasmine.js:1520:16
run@file:///home/pvasireddy/Desktop/repos/js-tictactoe-rails-api-v-000/tmpTestSupport/jasmine.js:1496:28
next@file:///home/pvasireddy/Desktop/repos/js-tictactoe-rails-api-v-000/tmpTestSupport/jasmine.js:1517:40
complete@file:///home/pvasireddy/Desktop/repos/js-tictactoe-rails-api-v-000/tmpTestSupport/jasmine.js:333:19
clearStack@file:///home/pvasireddy/Desktop/repos/js-tictactoe-rails-api-v-000/tmpTestSupport/jasmine.js:506:11
run@file:///home/pvasireddy/Desktop/repos/js-tictactoe-rails-api-v-000/tmpTestSupport/jasmine.js:1505:22
execute@file:///home/pvasireddy/Desktop/repos/js-tictactoe-rails-api-v-000/tmpTestSupport/jasmine.js:1485:13
queueRunnerFactory@file:///home/pvasireddy/Desktop/repos/js-tictactoe-rails-api-v-000/tmpTestSupport/jasmine.js:518:42
execute@file:///home/pvasireddy/Desktop/repos/js-tictactoe-rails-api-v-000/tmpTestSupport/jasmine.js:306:28
file:///home/pvasireddy/Desktop/repos/js-tictactoe-rails-api-v-000/tmpTestSupport/jasmine.js:1708:44
attemptAsync@file:///home/pvasireddy/Desktop/repos/js-tictactoe-rails-api-v-000/tmpTestSupport/jasmine.js:1520:16
run@file:///home/pvasireddy/Desktop/repos/js-tictactoe-rails-api-v-000/tmpTestSupport/jasmine.js:1496:28
execute@file:///home/pvasireddy/Desktop/repos/js-tictactoe-rails-api-v-000/tmpTestSupport/jasmine.js:1485:13
queueRunnerFactory@file:///home/pvasireddy/Desktop/repos/js-tictactoe-rails-api-v-000/tmpTestSupport/jasmine.js:518:42
execute@file:///home/pvasireddy/Desktop/repos/js-tictactoe-rails-api-v-000/tmpTestSupport/jasmine.js:1694:21
file:///home/pvasireddy/Desktop/repos/js-tictactoe-rails-api-v-000/tmpTestSupport/jasmine.js:1708:44
attemptAsync@file:///home/pvasireddy/Desktop/repos/js-tictactoe-rails-api-v-000/tmpTestSupport/jasmine.js:1520:16
run@file:///home/pvasireddy/Desktop/repos/js-tictactoe-rails-api-v-000/tmpTestSupport/jasmine.js:1496:28
next@file:///home/pvasireddy/Desktop/repos/js-tictactoe-rails-api-v-000/tmpTestSupport/jasmine.js:1517:40
complete@file:///home/pvasireddy/Desktop/repos/js-tictactoe-rails-api-v-000/tmpTestSupport/jasmine.js:1703:19
clearStack@file:///home/pvasireddy/Desktop/repos/js-tictactoe-rails-api-v-000/tmpTestSupport/jasmine.js:506:11
run@file:///home/pvasireddy/Desktop/repos/js-tictactoe-rails-api-v-000/tmpTestSupport/jasmine.js:1505:22
next@file:///home/pvasireddy/Desktop/repos/js-tictactoe-rails-api-v-000/tmpTestSupport/jasmine.js:1517:40
complete@file:///home/pvasireddy/Desktop/repos/js-tictactoe-rails-api-v-000/tmpTestSupport/jasmine.js:1703:19
clearStack@file:///home/pvasireddy/Desktop/repos/js-tictactoe-rails-api-v-000/tmpTestSupport/jasmine.js:506:11
run@file:///home/pvasireddy/Desktop/repos/js-tictactoe-rails-api-v-000/tmpTestSupport/jasmine.js:1505:22
next@file:///home/pvasireddy/Desktop/repos/js-tictactoe-rails-api-v-000/tmpTestSupport/jasmine.js:1517:40
complete@file:///home/pvasireddy/Desktop/repos/js-tictactoe-rails-api-v-000/tmpTestSupport/jasmine.js:333:19
clearStack@file:///home/pvasireddy/Desktop/repos/js-tictactoe-rails-api-v-000/tmpTestSupport/jasmine.js:506:11
run@file:///home/pvasireddy/Desktop/repos/js-tictactoe-rails-api-v-000/tmpTestSupport/jasmine.js:1505:22
execute@file:///home/pvasireddy/Desktop/repos/js-tictactoe-rails-api-v-000/tmpTestSupport/jasmine.js:1485:13
queueRunnerFactory@file:///home/pvasireddy/Desktop/repos/js-tictactoe-rails-api-v-000/tmpTestSupport/jasmine.js:518:42
execute@file:///home/pvasireddy/Desktop/repos/js-tictactoe-rails-api-v-000/tmpTestSupport/jasmine.js:306:28
file:///home/pvasireddy/Desktop/repos/js-tictactoe-rails-api-v-000/tmpTestSupport/jasmine.js:1708:44
attemptAsync@file:///home/pvasireddy/Desktop/repos/js-tictactoe-rails-api-v-000/tmpTestSupport/jasmine.js:1520:16
run@file:///home/pvasireddy/Desktop/repos/js-tictactoe-rails-api-v-000/tmpTestSupport/jasmine.js:1496:28
next@file:///home/pvasireddy/Desktop/repos/js-tictactoe-rails-api-v-000/tmpTestSupport/jasmine.js:1517:40
complete@file:///home/pvasireddy/Desktop/repos/js-tictactoe-rails-api-v-000/tmpTestSupport/jasmine.js:333:19			</failure>
		</testcase>
		<testcase classname="#integration tests of persistence" name="if i click the previous game button and no games have been saved i should get no games in the DOM" time="0.003">
		</testcase>
		<testcase classname="#integration tests of persistence" name="if i click the previous game button and a game has already been saved it should add the previous game to the DOM" time="0.004">
			<failure type="toBe" message="Expected 0 to be 1.">
stack@file:///home/pvasireddy/Desktop/repos/js-tictactoe-rails-api-v-000/tmpTestSupport/jasmine.js:1293:37
buildExpectationResult@file:///home/pvasireddy/Desktop/repos/js-tictactoe-rails-api-v-000/tmpTestSupport/jasmine.js:1270:19
expectationResultFactory@file:///home/pvasireddy/Desktop/repos/js-tictactoe-rails-api-v-000/tmpTestSupport/jasmine.js:484:40
addExpectationResult@file:///home/pvasireddy/Desktop/repos/js-tictactoe-rails-api-v-000/tmpTestSupport/jasmine.js:260:70
addExpectationResult@file:///home/pvasireddy/Desktop/repos/js-tictactoe-rails-api-v-000/tmpTestSupport/jasmine.js:442:41
file:///home/pvasireddy/Desktop/repos/js-tictactoe-rails-api-v-000/tmpTestSupport/jasmine.js:1209:32
file:///home/pvasireddy/Desktop/repos/js-tictactoe-rails-api-v-000/spec/tictactoe.spec.js:322:49
withMock@file:///home/pvasireddy/Desktop/repos/js-tictactoe-rails-api-v-000/spec/lib/mock-ajax.js:499:24
file:///home/pvasireddy/Desktop/repos/js-tictactoe-rails-api-v-000/spec/tictactoe.spec.js:308:26
attemptSync@file:///home/pvasireddy/Desktop/repos/js-tictactoe-rails-api-v-000/tmpTestSupport/jasmine.js:1510:16
run@file:///home/pvasireddy/Desktop/repos/js-tictactoe-rails-api-v-000/tmpTestSupport/jasmine.js:1498:20
execute@file:///home/pvasireddy/Desktop/repos/js-tictactoe-rails-api-v-000/tmpTestSupport/jasmine.js:1485:13
queueRunnerFactory@file:///home/pvasireddy/Desktop/repos/js-tictactoe-rails-api-v-000/tmpTestSupport/jasmine.js:518:42
execute@file:///home/pvasireddy/Desktop/repos/js-tictactoe-rails-api-v-000/tmpTestSupport/jasmine.js:306:28
file:///home/pvasireddy/Desktop/repos/js-tictactoe-rails-api-v-000/tmpTestSupport/jasmine.js:1708:44
attemptAsync@file:///home/pvasireddy/Desktop/repos/js-tictactoe-rails-api-v-000/tmpTestSupport/jasmine.js:1520:16
run@file:///home/pvasireddy/Desktop/repos/js-tictactoe-rails-api-v-000/tmpTestSupport/jasmine.js:1496:28
next@file:///home/pvasireddy/Desktop/repos/js-tictactoe-rails-api-v-000/tmpTestSupport/jasmine.js:1517:40
complete@file:///home/pvasireddy/Desktop/repos/js-tictactoe-rails-api-v-000/tmpTestSupport/jasmine.js:333:19
clearStack@file:///home/pvasireddy/Desktop/repos/js-tictactoe-rails-api-v-000/tmpTestSupport/jasmine.js:506:11
run@file:///home/pvasireddy/Desktop/repos/js-tictactoe-rails-api-v-000/tmpTestSupport/jasmine.js:1505:22
execute@file:///home/pvasireddy/Desktop/repos/js-tictactoe-rails-api-v-000/tmpTestSupport/jasmine.js:1485:13
queueRunnerFactory@file:///home/pvasireddy/Desktop/repos/js-tictactoe-rails-api-v-000/tmpTestSupport/jasmine.js:518:42
execute@file:///home/pvasireddy/Desktop/repos/js-tictactoe-rails-api-v-000/tmpTestSupport/jasmine.js:306:28
file:///home/pvasireddy/Desktop/repos/js-tictactoe-rails-api-v-000/tmpTestSupport/jasmine.js:1708:44
attemptAsync@file:///home/pvasireddy/Desktop/repos/js-tictactoe-rails-api-v-000/tmpTestSupport/jasmine.js:1520:16
run@file:///home/pvasireddy/Desktop/repos/js-tictactoe-rails-api-v-000/tmpTestSupport/jasmine.js:1496:28
next@file:///home/pvasireddy/Desktop/repos/js-tictactoe-rails-api-v-000/tmpTestSupport/jasmine.js:1517:40
complete@file:///home/pvasireddy/Desktop/repos/js-tictactoe-rails-api-v-000/tmpTestSupport/jasmine.js:333:19
clearStack@file:///home/pvasireddy/Desktop/repos/js-tictactoe-rails-api-v-000/tmpTestSupport/jasmine.js:506:11
run@file:///home/pvasireddy/Desktop/repos/js-tictactoe-rails-api-v-000/tmpTestSupport/jasmine.js:1505:22
execute@file:///home/pvasireddy/Desktop/repos/js-tictactoe-rails-api-v-000/tmpTestSupport/jasmine.js:1485:13
queueRunnerFactory@file:///home/pvasireddy/Desktop/repos/js-tictactoe-rails-api-v-000/tmpTestSupport/jasmine.js:518:42
execute@file:///home/pvasireddy/Desktop/repos/js-tictactoe-rails-api-v-000/tmpTestSupport/jasmine.js:306:28
file:///home/pvasireddy/Desktop/repos/js-tictactoe-rails-api-v-000/tmpTestSupport/jasmine.js:1708:44
attemptAsync@file:///home/pvasireddy/Desktop/repos/js-tictactoe-rails-api-v-000/tmpTestSupport/jasmine.js:1520:16
run@file:///home/pvasireddy/Desktop/repos/js-tictactoe-rails-api-v-000/tmpTestSupport/jasmine.js:1496:28
next@file:///home/pvasireddy/Desktop/repos/js-tictactoe-rails-api-v-000/tmpTestSupport/jasmine.js:1517:40
complete@file:///home/pvasireddy/Desktop/repos/js-tictactoe-rails-api-v-000/tmpTestSupport/jasmine.js:333:19
clearStack@file:///home/pvasireddy/Desktop/repos/js-tictactoe-rails-api-v-000/tmpTestSupport/jasmine.js:506:11
run@file:///home/pvasireddy/Desktop/repos/js-tictactoe-rails-api-v-000/tmpTestSupport/jasmine.js:1505:22
execute@file:///home/pvasireddy/Desktop/repos/js-tictactoe-rails-api-v-000/tmpTestSupport/jasmine.js:1485:13
queueRunnerFactory@file:///home/pvasireddy/Desktop/repos/js-tictactoe-rails-api-v-000/tmpTestSupport/jasmine.js:518:42
execute@file:///home/pvasireddy/Desktop/repos/js-tictactoe-rails-api-v-000/tmpTestSupport/jasmine.js:306:28
file:///home/pvasireddy/Desktop/repos/js-tictactoe-rails-api-v-000/tmpTestSupport/jasmine.js:1708:44
attemptAsync@file:///home/pvasireddy/Desktop/repos/js-tictactoe-rails-api-v-000/tmpTestSupport/jasmine.js:1520:16
run@file:///home/pvasireddy/Desktop/repos/js-tictactoe-rails-api-v-000/tmpTestSupport/jasmine.js:1496:28
next@file:///home/pvasireddy/Desktop/repos/js-tictactoe-rails-api-v-000/tmpTestSupport/jasmine.js:1517:40
complete@file:///home/pvasireddy/Desktop/repos/js-tictactoe-rails-api-v-000/tmpTestSupport/jasmine.js:333:19
clearStack@file:///home/pvasireddy/Desktop/repos/js-tictactoe-rails-api-v-000/tmpTestSupport/jasmine.js:506:11
run@file:///home/pvasireddy/Desktop/repos/js-tictactoe-rails-api-v-000/tmpTestSupport/jasmine.js:1505:22
execute@file:///home/pvasireddy/Desktop/repos/js-tictactoe-rails-api-v-000/tmpTestSupport/jasmine.js:1485:13
queueRunnerFactory@file:///home/pvasireddy/Desktop/repos/js-tictactoe-rails-api-v-000/tmpTestSupport/jasmine.js:518:42
execute@file:///home/pvasireddy/Desktop/repos/js-tictactoe-rails-api-v-000/tmpTestSupport/jasmine.js:306:28
file:///home/pvasireddy/Desktop/repos/js-tictactoe-rails-api-v-000/tmpTestSupport/jasmine.js:1708:44
attemptAsync@file:///home/pvasireddy/Desktop/repos/js-tictactoe-rails-api-v-000/tmpTestSupport/jasmine.js:1520:16
run@file:///home/pvasireddy/Desktop/repos/js-tictactoe-rails-api-v-000/tmpTestSupport/jasmine.js:1496:28
execute@file:///home/pvasireddy/Desktop/repos/js-tictactoe-rails-api-v-000/tmpTestSupport/jasmine.js:1485:13
queueRunnerFactory@file:///home/pvasireddy/Desktop/repos/js-tictactoe-rails-api-v-000/tmpTestSupport/jasmine.js:518:42
execute@file:///home/pvasireddy/Desktop/repos/js-tictactoe-rails-api-v-000/tmpTestSupport/jasmine.js:1694:21
file:///home/pvasireddy/Desktop/repos/js-tictactoe-rails-api-v-000/tmpTestSupport/jasmine.js:1708:44
attemptAsync@file:///home/pvasireddy/Desktop/repos/js-tictactoe-rails-api-v-000/tmpTestSupport/jasmine.js:1520:16
run@file:///home/pvasireddy/Desktop/repos/js-tictactoe-rails-api-v-000/tmpTestSupport/jasmine.js:1496:28
next@file:///home/pvasireddy/Desktop/repos/js-tictactoe-rails-api-v-000/tmpTestSupport/jasmine.js:1517:40
complete@file:///home/pvasireddy/Desktop/repos/js-tictactoe-rails-api-v-000/tmpTestSupport/jasmine.js:1703:19
clearStack@file:///home/pvasireddy/Desktop/repos/js-tictactoe-rails-api-v-000/tmpTestSupport/jasmine.js:506:11
run@file:///home/pvasireddy/Desktop/repos/js-tictactoe-rails-api-v-000/tmpTestSupport/jasmine.js:1505:22
next@file:///home/pvasireddy/Desktop/repos/js-tictactoe-rails-api-v-000/tmpTestSupport/jasmine.js:1517:40
complete@file:///home/pvasireddy/Desktop/repos/js-tictactoe-rails-api-v-000/tmpTestSupport/jasmine.js:1703:19
clearStack@file:///home/pvasireddy/Desktop/repos/js-tictactoe-rails-api-v-000/tmpTestSupport/jasmine.js:506:11
run@file:///home/pvasireddy/Desktop/repos/js-tictactoe-rails-api-v-000/tmpTestSupport/jasmine.js:1505:22
next@file:///home/pvasireddy/Desktop/repos/js-tictactoe-rails-api-v-000/tmpTestSupport/jasmine.js:1517:40
complete@file:///home/pvasireddy/Desktop/repos/js-tictactoe-rails-api-v-000/tmpTestSupport/jasmine.js:333:19
clearStack@file:///home/pvasireddy/Desktop/repos/js-tictactoe-rails-api-v-000/tmpTestSupport/jasmine.js:506:11
run@file:///home/pvasireddy/Desktop/repos/js-tictactoe-rails-api-v-000/tmpTestSupport/jasmine.js:1505:22
execute@file:///home/pvasireddy/Desktop/repos/js-tictactoe-rails-api-v-000/tmpTestSupport/jasmine.js:1485:13
queueRunnerFactory@file:///home/pvasireddy/Desktop/repos/js-tictactoe-rails-api-v-000/tmpTestSupport/jasmine.js:518:42
execute@file:///home/pvasireddy/Desktop/repos/js-tictactoe-rails-api-v-000/tmpTestSupport/jasmine.js:306:28
file:///home/pvasireddy/Desktop/repos/js-tictactoe-rails-api-v-000/tmpTestSupport/jasmine.js:1708:44
attemptAsync@file:///home/pvasireddy/Desktop/repos/js-tictactoe-rails-api-v-000/tmpTestSupport/jasmine.js:1520:16
run@file:///home/pvasireddy/Desktop/repos/js-tictactoe-rails-api-v-000/tmpTestSupport/jasmine.js:1496:28
next@file:///home/pvasireddy/Desktop/repos/js-tictactoe-rails-api-v-000/tmpTestSupport/jasmine.js:1517:40
complete@file:///home/pvasireddy/Desktop/repos/js-tictactoe-rails-api-v-000/tmpTestSupport/jasmine.js:333:19			</failure>
		</testcase>
		<testcase classname="#integration tests of persistence" name="if i click save it should persist the game so that when i asked for previous games i should get one more in the DOM" time="0.009">
			<failure type="toBe" message="Expected 0 to be 1.">
stack@file:///home/pvasireddy/Desktop/repos/js-tictactoe-rails-api-v-000/tmpTestSupport/jasmine.js:1293:37
buildExpectationResult@file:///home/pvasireddy/Desktop/repos/js-tictactoe-rails-api-v-000/tmpTestSupport/jasmine.js:1270:19
expectationResultFactory@file:///home/pvasireddy/Desktop/repos/js-tictactoe-rails-api-v-000/tmpTestSupport/jasmine.js:484:40
addExpectationResult@file:///home/pvasireddy/Desktop/repos/js-tictactoe-rails-api-v-000/tmpTestSupport/jasmine.js:260:70
addExpectationResult@file:///home/pvasireddy/Desktop/repos/js-tictactoe-rails-api-v-000/tmpTestSupport/jasmine.js:442:41
file:///home/pvasireddy/Desktop/repos/js-tictactoe-rails-api-v-000/tmpTestSupport/jasmine.js:1209:32
file:///home/pvasireddy/Desktop/repos/js-tictactoe-rails-api-v-000/spec/tictactoe.spec.js:344:49
withMock@file:///home/pvasireddy/Desktop/repos/js-tictactoe-rails-api-v-000/spec/lib/mock-ajax.js:499:24
file:///home/pvasireddy/Desktop/repos/js-tictactoe-rails-api-v-000/spec/tictactoe.spec.js:330:26
attemptSync@file:///home/pvasireddy/Desktop/repos/js-tictactoe-rails-api-v-000/tmpTestSupport/jasmine.js:1510:16
run@file:///home/pvasireddy/Desktop/repos/js-tictactoe-rails-api-v-000/tmpTestSupport/jasmine.js:1498:20
execute@file:///home/pvasireddy/Desktop/repos/js-tictactoe-rails-api-v-000/tmpTestSupport/jasmine.js:1485:13
queueRunnerFactory@file:///home/pvasireddy/Desktop/repos/js-tictactoe-rails-api-v-000/tmpTestSupport/jasmine.js:518:42
execute@file:///home/pvasireddy/Desktop/repos/js-tictactoe-rails-api-v-000/tmpTestSupport/jasmine.js:306:28
file:///home/pvasireddy/Desktop/repos/js-tictactoe-rails-api-v-000/tmpTestSupport/jasmine.js:1708:44
attemptAsync@file:///home/pvasireddy/Desktop/repos/js-tictactoe-rails-api-v-000/tmpTestSupport/jasmine.js:1520:16
run@file:///home/pvasireddy/Desktop/repos/js-tictactoe-rails-api-v-000/tmpTestSupport/jasmine.js:1496:28
next@file:///home/pvasireddy/Desktop/repos/js-tictactoe-rails-api-v-000/tmpTestSupport/jasmine.js:1517:40
complete@file:///home/pvasireddy/Desktop/repos/js-tictactoe-rails-api-v-000/tmpTestSupport/jasmine.js:333:19
clearStack@file:///home/pvasireddy/Desktop/repos/js-tictactoe-rails-api-v-000/tmpTestSupport/jasmine.js:506:11
run@file:///home/pvasireddy/Desktop/repos/js-tictactoe-rails-api-v-000/tmpTestSupport/jasmine.js:1505:22
execute@file:///home/pvasireddy/Desktop/repos/js-tictactoe-rails-api-v-000/tmpTestSupport/jasmine.js:1485:13
queueRunnerFactory@file:///home/pvasireddy/Desktop/repos/js-tictactoe-rails-api-v-000/tmpTestSupport/jasmine.js:518:42
execute@file:///home/pvasireddy/Desktop/repos/js-tictactoe-rails-api-v-000/tmpTestSupport/jasmine.js:306:28
file:///home/pvasireddy/Desktop/repos/js-tictactoe-rails-api-v-000/tmpTestSupport/jasmine.js:1708:44
attemptAsync@file:///home/pvasireddy/Desktop/repos/js-tictactoe-rails-api-v-000/tmpTestSupport/jasmine.js:1520:16
run@file:///home/pvasireddy/Desktop/repos/js-tictactoe-rails-api-v-000/tmpTestSupport/jasmine.js:1496:28
next@file:///home/pvasireddy/Desktop/repos/js-tictactoe-rails-api-v-000/tmpTestSupport/jasmine.js:1517:40
complete@file:///home/pvasireddy/Desktop/repos/js-tictactoe-rails-api-v-000/tmpTestSupport/jasmine.js:333:19
clearStack@file:///home/pvasireddy/Desktop/repos/js-tictactoe-rails-api-v-000/tmpTestSupport/jasmine.js:506:11
run@file:///home/pvasireddy/Desktop/repos/js-tictactoe-rails-api-v-000/tmpTestSupport/jasmine.js:1505:22
execute@file:///home/pvasireddy/Desktop/repos/js-tictactoe-rails-api-v-000/tmpTestSupport/jasmine.js:1485:13
queueRunnerFactory@file:///home/pvasireddy/Desktop/repos/js-tictactoe-rails-api-v-000/tmpTestSupport/jasmine.js:518:42
execute@file:///home/pvasireddy/Desktop/repos/js-tictactoe-rails-api-v-000/tmpTestSupport/jasmine.js:306:28
file:///home/pvasireddy/Desktop/repos/js-tictactoe-rails-api-v-000/tmpTestSupport/jasmine.js:1708:44
attemptAsync@file:///home/pvasireddy/Desktop/repos/js-tictactoe-rails-api-v-000/tmpTestSupport/jasmine.js:1520:16
run@file:///home/pvasireddy/Desktop/repos/js-tictactoe-rails-api-v-000/tmpTestSupport/jasmine.js:1496:28
next@file:///home/pvasireddy/Desktop/repos/js-tictactoe-rails-api-v-000/tmpTestSupport/jasmine.js:1517:40
complete@file:///home/pvasireddy/Desktop/repos/js-tictactoe-rails-api-v-000/tmpTestSupport/jasmine.js:333:19
clearStack@file:///home/pvasireddy/Desktop/repos/js-tictactoe-rails-api-v-000/tmpTestSupport/jasmine.js:506:11
run@file:///home/pvasireddy/Desktop/repos/js-tictactoe-rails-api-v-000/tmpTestSupport/jasmine.js:1505:22
execute@file:///home/pvasireddy/Desktop/repos/js-tictactoe-rails-api-v-000/tmpTestSupport/jasmine.js:1485:13
queueRunnerFactory@file:///home/pvasireddy/Desktop/repos/js-tictactoe-rails-api-v-000/tmpTestSupport/jasmine.js:518:42
execute@file:///home/pvasireddy/Desktop/repos/js-tictactoe-rails-api-v-000/tmpTestSupport/jasmine.js:306:28
file:///home/pvasireddy/Desktop/repos/js-tictactoe-rails-api-v-000/tmpTestSupport/jasmine.js:1708:44
attemptAsync@file:///home/pvasireddy/Desktop/repos/js-tictactoe-rails-api-v-000/tmpTestSupport/jasmine.js:1520:16
run@file:///home/pvasireddy/Desktop/repos/js-tictactoe-rails-api-v-000/tmpTestSupport/jasmine.js:1496:28
next@file:///home/pvasireddy/Desktop/repos/js-tictactoe-rails-api-v-000/tmpTestSupport/jasmine.js:1517:40
complete@file:///home/pvasireddy/Desktop/repos/js-tictactoe-rails-api-v-000/tmpTestSupport/jasmine.js:333:19
clearStack@file:///home/pvasireddy/Desktop/repos/js-tictactoe-rails-api-v-000/tmpTestSupport/jasmine.js:506:11
run@file:///home/pvasireddy/Desktop/repos/js-tictactoe-rails-api-v-000/tmpTestSupport/jasmine.js:1505:22
execute@file:///home/pvasireddy/Desktop/repos/js-tictactoe-rails-api-v-000/tmpTestSupport/jasmine.js:1485:13
queueRunnerFactory@file:///home/pvasireddy/Desktop/repos/js-tictactoe-rails-api-v-000/tmpTestSupport/jasmine.js:518:42
execute@file:///home/pvasireddy/Desktop/repos/js-tictactoe-rails-api-v-000/tmpTestSupport/jasmine.js:306:28
file:///home/pvasireddy/Desktop/repos/js-tictactoe-rails-api-v-000/tmpTestSupport/jasmine.js:1708:44
attemptAsync@file:///home/pvasireddy/Desktop/repos/js-tictactoe-rails-api-v-000/tmpTestSupport/jasmine.js:1520:16
run@file:///home/pvasireddy/Desktop/repos/js-tictactoe-rails-api-v-000/tmpTestSupport/jasmine.js:1496:28
next@file:///home/pvasireddy/Desktop/repos/js-tictactoe-rails-api-v-000/tmpTestSupport/jasmine.js:1517:40
complete@file:///home/pvasireddy/Desktop/repos/js-tictactoe-rails-api-v-000/tmpTestSupport/jasmine.js:333:19
clearStack@file:///home/pvasireddy/Desktop/repos/js-tictactoe-rails-api-v-000/tmpTestSupport/jasmine.js:506:11
run@file:///home/pvasireddy/Desktop/repos/js-tictactoe-rails-api-v-000/tmpTestSupport/jasmine.js:1505:22
execute@file:///home/pvasireddy/Desktop/repos/js-tictactoe-rails-api-v-000/tmpTestSupport/jasmine.js:1485:13
queueRunnerFactory@file:///home/pvasireddy/Desktop/repos/js-tictactoe-rails-api-v-000/tmpTestSupport/jasmine.js:518:42
execute@file:///home/pvasireddy/Desktop/repos/js-tictactoe-rails-api-v-000/tmpTestSupport/jasmine.js:306:28
file:///home/pvasireddy/Desktop/repos/js-tictactoe-rails-api-v-000/tmpTestSupport/jasmine.js:1708:44
attemptAsync@file:///home/pvasireddy/Desktop/repos/js-tictactoe-rails-api-v-000/tmpTestSupport/jasmine.js:1520:16
run@file:///home/pvasireddy/Desktop/repos/js-tictactoe-rails-api-v-000/tmpTestSupport/jasmine.js:1496:28
execute@file:///home/pvasireddy/Desktop/repos/js-tictactoe-rails-api-v-000/tmpTestSupport/jasmine.js:1485:13
queueRunnerFactory@file:///home/pvasireddy/Desktop/repos/js-tictactoe-rails-api-v-000/tmpTestSupport/jasmine.js:518:42
execute@file:///home/pvasireddy/Desktop/repos/js-tictactoe-rails-api-v-000/tmpTestSupport/jasmine.js:1694:21
file:///home/pvasireddy/Desktop/repos/js-tictactoe-rails-api-v-000/tmpTestSupport/jasmine.js:1708:44
attemptAsync@file:///home/pvasireddy/Desktop/repos/js-tictactoe-rails-api-v-000/tmpTestSupport/jasmine.js:1520:16
run@file:///home/pvasireddy/Desktop/repos/js-tictactoe-rails-api-v-000/tmpTestSupport/jasmine.js:1496:28
next@file:///home/pvasireddy/Desktop/repos/js-tictactoe-rails-api-v-000/tmpTestSupport/jasmine.js:1517:40
complete@file:///home/pvasireddy/Desktop/repos/js-tictactoe-rails-api-v-000/tmpTestSupport/jasmine.js:1703:19
clearStack@file:///home/pvasireddy/Desktop/repos/js-tictactoe-rails-api-v-000/tmpTestSupport/jasmine.js:506:11
run@file:///home/pvasireddy/Desktop/repos/js-tictactoe-rails-api-v-000/tmpTestSupport/jasmine.js:1505:22
next@file:///home/pvasireddy/Desktop/repos/js-tictactoe-rails-api-v-000/tmpTestSupport/jasmine.js:1517:40
complete@file:///home/pvasireddy/Desktop/repos/js-tictactoe-rails-api-v-000/tmpTestSupport/jasmine.js:1703:19
clearStack@file:///home/pvasireddy/Desktop/repos/js-tictactoe-rails-api-v-000/tmpTestSupport/jasmine.js:506:11
run@file:///home/pvasireddy/Desktop/repos/js-tictactoe-rails-api-v-000/tmpTestSupport/jasmine.js:1505:22
next@file:///home/pvasireddy/Desktop/repos/js-tictactoe-rails-api-v-000/tmpTestSupport/jasmine.js:1517:40
complete@file:///home/pvasireddy/Desktop/repos/js-tictactoe-rails-api-v-000/tmpTestSupport/jasmine.js:333:19
clearStack@file:///home/pvasireddy/Desktop/repos/js-tictactoe-rails-api-v-000/tmpTestSupport/jasmine.js:506:11
run@file:///home/pvasireddy/Desktop/repos/js-tictactoe-rails-api-v-000/tmpTestSupport/jasmine.js:1505:22
execute@file:///home/pvasireddy/Desktop/repos/js-tictactoe-rails-api-v-000/tmpTestSupport/jasmine.js:1485:13
queueRunnerFactory@file:///home/pvasireddy/Desktop/repos/js-tictactoe-rails-api-v-000/tmpTestSupport/jasmine.js:518:42
execute@file:///home/pvasireddy/Desktop/repos/js-tictactoe-rails-api-v-000/tmpTestSupport/jasmine.js:306:28
file:///home/pvasireddy/Desktop/repos/js-tictactoe-rails-api-v-000/tmpTestSupport/jasmine.js:1708:44
attemptAsync@file:///home/pvasireddy/Desktop/repos/js-tictactoe-rails-api-v-000/tmpTestSupport/jasmine.js:1520:16
run@file:///home/pvasireddy/Desktop/repos/js-tictactoe-rails-api-v-000/tmpTestSupport/jasmine.js:1496:28
next@file:///home/pvasireddy/Desktop/repos/js-tictactoe-rails-api-v-000/tmpTestSupport/jasmine.js:1517:40
complete@file:///home/pvasireddy/Desktop/repos/js-tictactoe-rails-api-v-000/tmpTestSupport/jasmine.js:333:19			</failure>
			<failure type="toBe" message="Expected 0 to be 2.">
stack@file:///home/pvasireddy/Desktop/repos/js-tictactoe-rails-api-v-000/tmpTestSupport/jasmine.js:1293:37
buildExpectationResult@file:///home/pvasireddy/Desktop/repos/js-tictactoe-rails-api-v-000/tmpTestSupport/jasmine.js:1270:19
expectationResultFactory@file:///home/pvasireddy/Desktop/repos/js-tictactoe-rails-api-v-000/tmpTestSupport/jasmine.js:484:40
addExpectationResult@file:///home/pvasireddy/Desktop/repos/js-tictactoe-rails-api-v-000/tmpTestSupport/jasmine.js:260:70
addExpectationResult@file:///home/pvasireddy/Desktop/repos/js-tictactoe-rails-api-v-000/tmpTestSupport/jasmine.js:442:41
file:///home/pvasireddy/Desktop/repos/js-tictactoe-rails-api-v-000/tmpTestSupport/jasmine.js:1209:32
file:///home/pvasireddy/Desktop/repos/js-tictactoe-rails-api-v-000/spec/tictactoe.spec.js:364:49
withMock@file:///home/pvasireddy/Desktop/repos/js-tictactoe-rails-api-v-000/spec/lib/mock-ajax.js:499:24
file:///home/pvasireddy/Desktop/repos/js-tictactoe-rails-api-v-000/spec/tictactoe.spec.js:330:26
attemptSync@file:///home/pvasireddy/Desktop/repos/js-tictactoe-rails-api-v-000/tmpTestSupport/jasmine.js:1510:16
run@file:///home/pvasireddy/Desktop/repos/js-tictactoe-rails-api-v-000/tmpTestSupport/jasmine.js:1498:20
execute@file:///home/pvasireddy/Desktop/repos/js-tictactoe-rails-api-v-000/tmpTestSupport/jasmine.js:1485:13
queueRunnerFactory@file:///home/pvasireddy/Desktop/repos/js-tictactoe-rails-api-v-000/tmpTestSupport/jasmine.js:518:42
execute@file:///home/pvasireddy/Desktop/repos/js-tictactoe-rails-api-v-000/tmpTestSupport/jasmine.js:306:28
file:///home/pvasireddy/Desktop/repos/js-tictactoe-rails-api-v-000/tmpTestSupport/jasmine.js:1708:44
attemptAsync@file:///home/pvasireddy/Desktop/repos/js-tictactoe-rails-api-v-000/tmpTestSupport/jasmine.js:1520:16
run@file:///home/pvasireddy/Desktop/repos/js-tictactoe-rails-api-v-000/tmpTestSupport/jasmine.js:1496:28
next@file:///home/pvasireddy/Desktop/repos/js-tictactoe-rails-api-v-000/tmpTestSupport/jasmine.js:1517:40
complete@file:///home/pvasireddy/Desktop/repos/js-tictactoe-rails-api-v-000/tmpTestSupport/jasmine.js:333:19
clearStack@file:///home/pvasireddy/Desktop/repos/js-tictactoe-rails-api-v-000/tmpTestSupport/jasmine.js:506:11
run@file:///home/pvasireddy/Desktop/repos/js-tictactoe-rails-api-v-000/tmpTestSupport/jasmine.js:1505:22
execute@file:///home/pvasireddy/Desktop/repos/js-tictactoe-rails-api-v-000/tmpTestSupport/jasmine.js:1485:13
queueRunnerFactory@file:///home/pvasireddy/Desktop/repos/js-tictactoe-rails-api-v-000/tmpTestSupport/jasmine.js:518:42
execute@file:///home/pvasireddy/Desktop/repos/js-tictactoe-rails-api-v-000/tmpTestSupport/jasmine.js:306:28
file:///home/pvasireddy/Desktop/repos/js-tictactoe-rails-api-v-000/tmpTestSupport/jasmine.js:1708:44
attemptAsync@file:///home/pvasireddy/Desktop/repos/js-tictactoe-rails-api-v-000/tmpTestSupport/jasmine.js:1520:16
run@file:///home/pvasireddy/Desktop/repos/js-tictactoe-rails-api-v-000/tmpTestSupport/jasmine.js:1496:28
next@file:///home/pvasireddy/Desktop/repos/js-tictactoe-rails-api-v-000/tmpTestSupport/jasmine.js:1517:40
complete@file:///home/pvasireddy/Desktop/repos/js-tictactoe-rails-api-v-000/tmpTestSupport/jasmine.js:333:19
clearStack@file:///home/pvasireddy/Desktop/repos/js-tictactoe-rails-api-v-000/tmpTestSupport/jasmine.js:506:11
run@file:///home/pvasireddy/Desktop/repos/js-tictactoe-rails-api-v-000/tmpTestSupport/jasmine.js:1505:22
execute@file:///home/pvasireddy/Desktop/repos/js-tictactoe-rails-api-v-000/tmpTestSupport/jasmine.js:1485:13
queueRunnerFactory@file:///home/pvasireddy/Desktop/repos/js-tictactoe-rails-api-v-000/tmpTestSupport/jasmine.js:518:42
execute@file:///home/pvasireddy/Desktop/repos/js-tictactoe-rails-api-v-000/tmpTestSupport/jasmine.js:306:28
file:///home/pvasireddy/Desktop/repos/js-tictactoe-rails-api-v-000/tmpTestSupport/jasmine.js:1708:44
attemptAsync@file:///home/pvasireddy/Desktop/repos/js-tictactoe-rails-api-v-000/tmpTestSupport/jasmine.js:1520:16
run@file:///home/pvasireddy/Desktop/repos/js-tictactoe-rails-api-v-000/tmpTestSupport/jasmine.js:1496:28
next@file:///home/pvasireddy/Desktop/repos/js-tictactoe-rails-api-v-000/tmpTestSupport/jasmine.js:1517:40
complete@file:///home/pvasireddy/Desktop/repos/js-tictactoe-rails-api-v-000/tmpTestSupport/jasmine.js:333:19
clearStack@file:///home/pvasireddy/Desktop/repos/js-tictactoe-rails-api-v-000/tmpTestSupport/jasmine.js:506:11
run@file:///home/pvasireddy/Desktop/repos/js-tictactoe-rails-api-v-000/tmpTestSupport/jasmine.js:1505:22
execute@file:///home/pvasireddy/Desktop/repos/js-tictactoe-rails-api-v-000/tmpTestSupport/jasmine.js:1485:13
queueRunnerFactory@file:///home/pvasireddy/Desktop/repos/js-tictactoe-rails-api-v-000/tmpTestSupport/jasmine.js:518:42
execute@file:///home/pvasireddy/Desktop/repos/js-tictactoe-rails-api-v-000/tmpTestSupport/jasmine.js:306:28
file:///home/pvasireddy/Desktop/repos/js-tictactoe-rails-api-v-000/tmpTestSupport/jasmine.js:1708:44
attemptAsync@file:///home/pvasireddy/Desktop/repos/js-tictactoe-rails-api-v-000/tmpTestSupport/jasmine.js:1520:16
run@file:///home/pvasireddy/Desktop/repos/js-tictactoe-rails-api-v-000/tmpTestSupport/jasmine.js:1496:28
next@file:///home/pvasireddy/Desktop/repos/js-tictactoe-rails-api-v-000/tmpTestSupport/jasmine.js:1517:40
complete@file:///home/pvasireddy/Desktop/repos/js-tictactoe-rails-api-v-000/tmpTestSupport/jasmine.js:333:19
clearStack@file:///home/pvasireddy/Desktop/repos/js-tictactoe-rails-api-v-000/tmpTestSupport/jasmine.js:506:11
run@file:///home/pvasireddy/Desktop/repos/js-tictactoe-rails-api-v-000/tmpTestSupport/jasmine.js:1505:22
execute@file:///home/pvasireddy/Desktop/repos/js-tictactoe-rails-api-v-000/tmpTestSupport/jasmine.js:1485:13
queueRunnerFactory@file:///home/pvasireddy/Desktop/repos/js-tictactoe-rails-api-v-000/tmpTestSupport/jasmine.js:518:42
execute@file:///home/pvasireddy/Desktop/repos/js-tictactoe-rails-api-v-000/tmpTestSupport/jasmine.js:306:28
file:///home/pvasireddy/Desktop/repos/js-tictactoe-rails-api-v-000/tmpTestSupport/jasmine.js:1708:44
attemptAsync@file:///home/pvasireddy/Desktop/repos/js-tictactoe-rails-api-v-000/tmpTestSupport/jasmine.js:1520:16
run@file:///home/pvasireddy/Desktop/repos/js-tictactoe-rails-api-v-000/tmpTestSupport/jasmine.js:1496:28
next@file:///home/pvasireddy/Desktop/repos/js-tictactoe-rails-api-v-000/tmpTestSupport/jasmine.js:1517:40
complete@file:///home/pvasireddy/Desktop/repos/js-tictactoe-rails-api-v-000/tmpTestSupport/jasmine.js:333:19
clearStack@file:///home/pvasireddy/Desktop/repos/js-tictactoe-rails-api-v-000/tmpTestSupport/jasmine.js:506:11
run@file:///home/pvasireddy/Desktop/repos/js-tictactoe-rails-api-v-000/tmpTestSupport/jasmine.js:1505:22
execute@file:///home/pvasireddy/Desktop/repos/js-tictactoe-rails-api-v-000/tmpTestSupport/jasmine.js:1485:13
queueRunnerFactory@file:///home/pvasireddy/Desktop/repos/js-tictactoe-rails-api-v-000/tmpTestSupport/jasmine.js:518:42
execute@file:///home/pvasireddy/Desktop/repos/js-tictactoe-rails-api-v-000/tmpTestSupport/jasmine.js:306:28
file:///home/pvasireddy/Desktop/repos/js-tictactoe-rails-api-v-000/tmpTestSupport/jasmine.js:1708:44
attemptAsync@file:///home/pvasireddy/Desktop/repos/js-tictactoe-rails-api-v-000/tmpTestSupport/jasmine.js:1520:16
run@file:///home/pvasireddy/Desktop/repos/js-tictactoe-rails-api-v-000/tmpTestSupport/jasmine.js:1496:28
execute@file:///home/pvasireddy/Desktop/repos/js-tictactoe-rails-api-v-000/tmpTestSupport/jasmine.js:1485:13
queueRunnerFactory@file:///home/pvasireddy/Desktop/repos/js-tictactoe-rails-api-v-000/tmpTestSupport/jasmine.js:518:42
execute@file:///home/pvasireddy/Desktop/repos/js-tictactoe-rails-api-v-000/tmpTestSupport/jasmine.js:1694:21
file:///home/pvasireddy/Desktop/repos/js-tictactoe-rails-api-v-000/tmpTestSupport/jasmine.js:1708:44
attemptAsync@file:///home/pvasireddy/Desktop/repos/js-tictactoe-rails-api-v-000/tmpTestSupport/jasmine.js:1520:16
run@file:///home/pvasireddy/Desktop/repos/js-tictactoe-rails-api-v-000/tmpTestSupport/jasmine.js:1496:28
next@file:///home/pvasireddy/Desktop/repos/js-tictactoe-rails-api-v-000/tmpTestSupport/jasmine.js:1517:40
complete@file:///home/pvasireddy/Desktop/repos/js-tictactoe-rails-api-v-000/tmpTestSupport/jasmine.js:1703:19
clearStack@file:///home/pvasireddy/Desktop/repos/js-tictactoe-rails-api-v-000/tmpTestSupport/jasmine.js:506:11
run@file:///home/pvasireddy/Desktop/repos/js-tictactoe-rails-api-v-000/tmpTestSupport/jasmine.js:1505:22
next@file:///home/pvasireddy/Desktop/repos/js-tictactoe-rails-api-v-000/tmpTestSupport/jasmine.js:1517:40
complete@file:///home/pvasireddy/Desktop/repos/js-tictactoe-rails-api-v-000/tmpTestSupport/jasmine.js:1703:19
clearStack@file:///home/pvasireddy/Desktop/repos/js-tictactoe-rails-api-v-000/tmpTestSupport/jasmine.js:506:11
run@file:///home/pvasireddy/Desktop/repos/js-tictactoe-rails-api-v-000/tmpTestSupport/jasmine.js:1505:22
next@file:///home/pvasireddy/Desktop/repos/js-tictactoe-rails-api-v-000/tmpTestSupport/jasmine.js:1517:40
complete@file:///home/pvasireddy/Desktop/repos/js-tictactoe-rails-api-v-000/tmpTestSupport/jasmine.js:333:19
clearStack@file:///home/pvasireddy/Desktop/repos/js-tictactoe-rails-api-v-000/tmpTestSupport/jasmine.js:506:11
run@file:///home/pvasireddy/Desktop/repos/js-tictactoe-rails-api-v-000/tmpTestSupport/jasmine.js:1505:22
execute@file:///home/pvasireddy/Desktop/repos/js-tictactoe-rails-api-v-000/tmpTestSupport/jasmine.js:1485:13
queueRunnerFactory@file:///home/pvasireddy/Desktop/repos/js-tictactoe-rails-api-v-000/tmpTestSupport/jasmine.js:518:42
execute@file:///home/pvasireddy/Desktop/repos/js-tictactoe-rails-api-v-000/tmpTestSupport/jasmine.js:306:28
file:///home/pvasireddy/Desktop/repos/js-tictactoe-rails-api-v-000/tmpTestSupport/jasmine.js:1708:44
attemptAsync@file:///home/pvasireddy/Desktop/repos/js-tictactoe-rails-api-v-000/tmpTestSupport/jasmine.js:1520:16
run@file:///home/pvasireddy/Desktop/repos/js-tictactoe-rails-api-v-000/tmpTestSupport/jasmine.js:1496:28
next@file:///home/pvasireddy/Desktop/repos/js-tictactoe-rails-api-v-000/tmpTestSupport/jasmine.js:1517:40
complete@file:///home/pvasireddy/Desktop/repos/js-tictactoe-rails-api-v-000/tmpTestSupport/jasmine.js:333:19			</failure>
		</testcase>
		<testcase classname="#integration tests of persistence" name="if i play a game it should autosave at the end of the game" time="0.003">
		</testcase>
		<testcase classname="#integration tests of persistence" name="if i play a game it should autosave and start a new game" time="0.005">
		</testcase>
		<testcase classname="#integration tests of persistence" name="if should be able to switch to an old game" time="0.005">
		</testcase>
	</testsuite>
</testsuites>

